2025-05-08 01:13:27,786 [INFO] Activator:176 - 


2025-05-08 01:13:27,787 [INFO] Activator:177 - !SESSION log4j initialized
2025-05-08 01:13:28,844 [ERROR] LogOutputStream:75 - [STDERR_REDIRECT] 
2025-05-08 01:13:31,573 [INFO] LogOutputStream:77 - [STDOUT_REDIRECT] 
2025-05-08 01:13:33,617 [INFO] ApplicationProperties:184 - Using Application install path: /Applications/STM32CubeIDE.app/Contents/Eclipse/plugins/com.st.stm32cube.common.mx_6.14.1.202504091515
2025-05-08 01:13:33,628 [INFO] DbMcusXml:78 - Set database path to: /Applications/STM32CubeIDE.app/Contents/Eclipse/plugins/com.st.stm32cube.common.mx_6.14.1.202504091515//db//mcu/
2025-05-08 01:13:33,628 [INFO] ApiDb:274 - Set plugin database path to: /Applications/STM32CubeIDE.app/Contents/Eclipse/plugins/com.st.stm32cube.common.mx_6.14.1.202504091515//db//plugins/boardmanager/
2025-05-08 01:13:33,628 [WARN] ApiDb:259 - Overriding images path with different value:  => /Applications/STM32CubeIDE.app/Contents/Eclipse/plugins/com.st.stm32cube.common.mx_6.14.1.202504091515//db//plugins/mcufinder/images/
2025-05-08 01:13:33,633 [INFO] ApiDb:250 - Set database path to: /Users/matthewoduamafu/.stmcufinder/plugins/mcufinder//mcu/
2025-05-08 01:13:33,633 [INFO] DbMcusAds:125 - Set database path to: /Users/matthewoduamafu/.stmcufinder/plugins/mcufinder//mcu/
2025-05-08 01:13:33,634 [INFO] CrossReferenceDbSqlite:203 - Set database path to: /Users/matthewoduamafu/.stmcufinder/plugins/mcufinder//mcu/cs/
2025-05-08 01:13:33,784 [INFO] RulesReader:64 - Compatibility file has been processed (302 Rules)
2025-05-08 01:13:33,856 [INFO] DbMcusXml:78 - Set database path to: /Applications/STM32CubeIDE.app/Contents/Eclipse/plugins/com.st.stm32cube.common.mx_6.14.1.202504091515//db//mcu/
2025-05-08 01:13:33,856 [INFO] ApiDb:274 - Set plugin database path to: /Applications/STM32CubeIDE.app/Contents/Eclipse/plugins/com.st.stm32cube.common.mx_6.14.1.202504091515//db//plugins/boardmanager/
2025-05-08 01:13:33,857 [INFO] ApiDb:261 - Set plugin images path to: /Applications/STM32CubeIDE.app/Contents/Eclipse/plugins/com.st.stm32cube.common.mx_6.14.1.202504091515//db//plugins/mcufinder/images/
2025-05-08 01:13:33,857 [WARN] DbFile:41 - Overriding database path with different value: /Users/matthewoduamafu/.stmcufinder/plugins/mcufinder/ => /Users/matthewoduamafu/.stmcufinder/plugins/mcufinder
2025-05-08 01:13:33,857 [INFO] ApiDb:250 - Set database path to: /Users/matthewoduamafu/.stmcufinder/plugins/mcufinder//mcu/
2025-05-08 01:13:33,857 [WARN] DbFile:41 - Overriding database path with different value: /Users/matthewoduamafu/.stmcufinder/plugins/mcufinder/ => /Users/matthewoduamafu/.stmcufinder/plugins/mcufinder
2025-05-08 01:13:33,857 [INFO] DbMcusAds:125 - Set database path to: /Users/matthewoduamafu/.stmcufinder/plugins/mcufinder//mcu/
2025-05-08 01:13:33,857 [WARN] DbFile:41 - Overriding database path with different value: /Users/matthewoduamafu/.stmcufinder/plugins/mcufinder/ => /Users/matthewoduamafu/.stmcufinder/plugins/mcufinder
2025-05-08 01:13:33,857 [WARN] DbFile:41 - Overriding database path with different value: /Users/matthewoduamafu/.stmcufinder/plugins/mcufinder/ => /Users/matthewoduamafu/.stmcufinder/plugins/mcufinder
2025-05-08 01:13:33,857 [INFO] CrossReferenceDbSqlite:203 - Set database path to: /Users/matthewoduamafu/.stmcufinder/plugins/mcufinder//mcu/cs/
2025-05-08 01:13:33,922 [INFO] MainPanel:272 - HeapMemory: 435159040
2025-05-08 01:13:34,128 [INFO] DbMcusXml:78 - Set database path to: /Applications/STM32CubeIDE.app/Contents/Eclipse/plugins/com.st.stm32cube.common.mx_6.14.1.202504091515//db//mcu/
2025-05-08 01:13:34,129 [INFO] ApiDb:274 - Set plugin database path to: /Applications/STM32CubeIDE.app/Contents/Eclipse/plugins/com.st.stm32cube.common.mx_6.14.1.202504091515//db//plugins/boardmanager/
2025-05-08 01:13:34,129 [INFO] ApiDb:261 - Set plugin images path to: /Applications/STM32CubeIDE.app/Contents/Eclipse/plugins/com.st.stm32cube.common.mx_6.14.1.202504091515//db//plugins/mcufinder/images/
2025-05-08 01:13:34,129 [WARN] DbFile:41 - Overriding database path with different value: /Users/matthewoduamafu/.stmcufinder/plugins/mcufinder/ => /Users/matthewoduamafu/.stmcufinder/plugins/mcufinder
2025-05-08 01:13:34,129 [INFO] ApiDb:250 - Set database path to: /Users/matthewoduamafu/.stmcufinder/plugins/mcufinder//mcu/
2025-05-08 01:13:34,129 [WARN] DbFile:41 - Overriding database path with different value: /Users/matthewoduamafu/.stmcufinder/plugins/mcufinder/ => /Users/matthewoduamafu/.stmcufinder/plugins/mcufinder
2025-05-08 01:13:34,129 [INFO] DbMcusAds:125 - Set database path to: /Users/matthewoduamafu/.stmcufinder/plugins/mcufinder//mcu/
2025-05-08 01:13:34,129 [WARN] DbFile:41 - Overriding database path with different value: /Users/matthewoduamafu/.stmcufinder/plugins/mcufinder/ => /Users/matthewoduamafu/.stmcufinder/plugins/mcufinder
2025-05-08 01:13:34,129 [WARN] DbFile:41 - Overriding database path with different value: /Users/matthewoduamafu/.stmcufinder/plugins/mcufinder/ => /Users/matthewoduamafu/.stmcufinder/plugins/mcufinder
2025-05-08 01:13:34,129 [INFO] CrossReferenceDbSqlite:203 - Set database path to: /Users/matthewoduamafu/.stmcufinder/plugins/mcufinder//mcu/cs/
2025-05-08 01:13:34,148 [INFO] ApplicationProperties:184 - Using Application install path: /Applications/STM32CubeIDE.app/Contents/Eclipse/plugins/com.st.stm32cube.common.mx_6.14.1.202504091515
2025-05-08 01:13:34,149 [INFO] PluginManage:196 - Search for loadable plugins [exclusion list=, ]
2025-05-08 01:13:34,150 [INFO] PluginManage:310 - Check plugin analytics
2025-05-08 01:13:34,351 [INFO] AnalyticsPlugin:253 - Accepted Software Licenses: 
2025-05-08 01:13:34,351 [INFO] AnalyticsPlugin:255 - Accepted CMSIS Pack Licenses: 
2025-05-08 01:13:34,351 [INFO] AnalyticsPlugin:257 - Accepted Firmware Licenses: 
2025-05-08 01:13:34,358 [INFO] PluginManage:359 - Loaded plugin analytics (category:tool,tabindex:-1)
2025-05-08 01:13:34,360 [INFO] PluginManage:310 - Check plugin cadmodel
2025-05-08 01:13:34,371 [INFO] CADModel:105 - Init CAD model plugin
2025-05-08 01:13:34,372 [INFO] PluginManage:359 - Loaded plugin cadmodel (category:power,tabindex:5)
2025-05-08 01:13:34,372 [INFO] PluginManage:310 - Check plugin clock
2025-05-08 01:13:34,381 [INFO] PluginManage:359 - Loaded plugin clock (category:base,tabindex:2)
2025-05-08 01:13:34,381 [INFO] PluginManage:310 - Check plugin ddr
2025-05-08 01:13:34,382 [INFO] PluginManage:359 - Loaded plugin ddr (category:tool,tabindex:6)
2025-05-08 01:13:34,382 [INFO] PluginManage:310 - Check plugin filemanager
2025-05-08 01:13:34,721 [INFO] PluginManage:359 - Loaded plugin filemanager (category:base,tabindex:10)
2025-05-08 01:13:34,727 [INFO] PluginManage:310 - Check plugin ipmanager
2025-05-08 01:13:34,808 [INFO] PluginManage:359 - Loaded plugin ipmanager (category:base,tabindex:5)
2025-05-08 01:13:34,810 [INFO] PluginManage:310 - Check plugin lpbam
2025-05-08 01:13:34,838 [INFO] PluginManage:359 - Loaded plugin lpbam (category:base,tabindex:0)
2025-05-08 01:13:34,838 [INFO] PluginManage:310 - Check plugin memorymap
2025-05-08 01:13:34,872 [INFO] PluginManage:359 - Loaded plugin memorymap (category:base,tabindex:4)
2025-05-08 01:13:34,873 [INFO] PluginManage:310 - Check plugin pinoutandconfiguration
2025-05-08 01:13:34,880 [INFO] PluginManage:359 - Loaded plugin pinoutandconfiguration (category:base,tabindex:1)
2025-05-08 01:13:34,880 [INFO] PluginManage:310 - Check plugin pinoutconfig
2025-05-08 01:13:34,990 [WARN] SupportedApi:132 - Cannot load RTOS API schema: s4s-elt-must-match.1: The content of 'definitions' must match (annotation?, (simpleType | complexType)?, (unique | key | keyref)*)). A problem was found starting at: attribute.
2025-05-08 01:13:35,181 [INFO] PluginManage:359 - Loaded plugin pinoutconfig (category:base,tabindex:0)
2025-05-08 01:13:35,182 [INFO] PluginManage:310 - Check plugin power
2025-05-08 01:13:35,193 [INFO] PluginManage:359 - Loaded plugin power (category:power,tabindex:4)
2025-05-08 01:13:35,193 [INFO] PluginManage:310 - Check plugin projectmanager
2025-05-08 01:13:35,219 [INFO] PluginManage:359 - Loaded plugin projectmanager (category:projectmanager,tabindex:4)
2025-05-08 01:13:35,220 [INFO] PluginManage:310 - Check plugin rif
2025-05-08 01:13:35,224 [INFO] PluginManage:359 - Loaded plugin rif (category:base,tabindex:3)
2025-05-08 01:13:35,225 [INFO] PluginManage:310 - Check plugin thirdparty
2025-05-08 01:13:35,351 [INFO] PluginManage:359 - Loaded plugin thirdparty (category:base,tabindex:-1)
2025-05-08 01:13:35,352 [INFO] PluginManage:310 - Check plugin tools
2025-05-08 01:13:35,356 [INFO] PluginManage:359 - Loaded plugin tools (category:base,tabindex:7)
2025-05-08 01:13:35,356 [INFO] PluginManage:310 - Check plugin tutovideos
2025-05-08 01:13:35,351 [WARN] IntegrityCheckThread:84 - waiting for thirdparty lock release [integrity check]
2025-05-08 01:13:35,357 [INFO] IntegrityCheckThread:86 - entering critical section [integrity check]
2025-05-08 01:13:35,358 [INFO] ThirdPartyUpdaterWithRetryManager:70 - Updater plugin not ready yet. [1/15]
2025-05-08 01:13:35,539 [INFO] PluginManage:359 - Loaded plugin tutovideos (category:base,tabindex:-1)
2025-05-08 01:13:35,540 [INFO] PluginManage:310 - Check plugin updater
2025-05-08 01:13:35,566 [INFO] PluginManage:359 - Loaded plugin updater (category:base,tabindex:12)
2025-05-08 01:13:35,567 [INFO] PluginManage:310 - Check plugin userauth
2025-05-08 01:13:35,571 [INFO] UserAuth:118 - Init User Auth plugin
2025-05-08 01:13:35,572 [INFO] PluginManage:359 - Loaded plugin userauth (category:base,tabindex:14)
2025-05-08 01:13:35,573 [INFO] PluginManage:283 - PluginManage : Loaded plugins [18]
2025-05-08 01:13:35,807 [INFO] PinOutPanel:1589 - setPackage(No Configuration,No Configuration)
2025-05-08 01:13:35,871 [INFO] CADModel:165 - CPN selected for project level
2025-05-08 01:13:35,872 [INFO] CADModel:114 - Register for checkConnection events
2025-05-08 01:13:35,880 [INFO] IPUIPlugin:80 - create IPUIPlugin
2025-05-08 01:13:35,880 [INFO] PluginManager:220 - loadIPPluginJar : add mdma
2025-05-08 01:13:35,884 [INFO] IPUIPlugin:80 - create IPUIPlugin
2025-05-08 01:13:35,885 [INFO] PluginManager:220 - loadIPPluginJar : add freertos
2025-05-08 01:13:35,887 [INFO] IPUIPlugin:80 - create IPUIPlugin
2025-05-08 01:13:35,888 [INFO] PluginManager:220 - loadIPPluginJar : add gic
2025-05-08 01:13:35,893 [INFO] IPUIPlugin:80 - create IPUIPlugin
2025-05-08 01:13:35,893 [INFO] PluginManager:220 - loadIPPluginJar : add adc
2025-05-08 01:13:35,895 [INFO] IPUIPlugin:80 - create IPUIPlugin
2025-05-08 01:13:35,895 [INFO] PluginManager:220 - loadIPPluginJar : add gtzc
2025-05-08 01:13:35,895 [INFO] IPUIPlugin:80 - create IPUIPlugin
2025-05-08 01:13:35,895 [INFO] PluginManager:220 - loadIPPluginJar : add quadspi
2025-05-08 01:13:35,896 [INFO] IPUIPlugin:80 - create IPUIPlugin
2025-05-08 01:13:35,896 [INFO] PluginManager:220 - loadIPPluginJar : add aes
2025-05-08 01:13:35,897 [INFO] IPUIPlugin:80 - create IPUIPlugin
2025-05-08 01:13:35,897 [INFO] PluginManager:220 - loadIPPluginJar : add pdm2pcm
2025-05-08 01:13:35,898 [INFO] IPUIPlugin:80 - create IPUIPlugin
2025-05-08 01:13:35,898 [INFO] PluginManager:220 - loadIPPluginJar : add hash
2025-05-08 01:13:35,899 [INFO] IPUIPlugin:80 - create IPUIPlugin
2025-05-08 01:13:35,899 [INFO] PluginManager:220 - loadIPPluginJar : add tim
2025-05-08 01:13:35,900 [INFO] IPUIPlugin:80 - create IPUIPlugin
2025-05-08 01:13:35,900 [INFO] PluginManager:220 - loadIPPluginJar : add tsc
2025-05-08 01:13:35,901 [INFO] IPUIPlugin:80 - create IPUIPlugin
2025-05-08 01:13:35,901 [INFO] PluginManager:220 - loadIPPluginJar : add extmemmanager
2025-05-08 01:13:35,902 [INFO] IPUIPlugin:80 - create IPUIPlugin
2025-05-08 01:13:35,902 [INFO] PluginManager:220 - loadIPPluginJar : add ts
2025-05-08 01:13:35,903 [INFO] IPUIPlugin:80 - create IPUIPlugin
2025-05-08 01:13:35,903 [INFO] PluginManager:220 - loadIPPluginJar : add radio
2025-05-08 01:13:35,904 [INFO] IPUIPlugin:80 - create IPUIPlugin
2025-05-08 01:13:35,904 [INFO] PluginManager:220 - loadIPPluginJar : add can
2025-05-08 01:13:35,905 [INFO] IPUIPlugin:80 - create IPUIPlugin
2025-05-08 01:13:35,905 [INFO] PluginManager:220 - loadIPPluginJar : add dma3
2025-05-08 01:13:35,906 [INFO] IPUIPlugin:80 - create IPUIPlugin
2025-05-08 01:13:35,906 [INFO] PluginManager:220 - loadIPPluginJar : add dfsdm
2025-05-08 01:13:35,908 [INFO] IPUIPlugin:80 - create IPUIPlugin
2025-05-08 01:13:35,908 [INFO] PluginManager:220 - loadIPPluginJar : add spi
2025-05-08 01:13:35,909 [INFO] IPUIPlugin:80 - create IPUIPlugin
2025-05-08 01:13:35,909 [INFO] PluginManager:220 - loadIPPluginJar : add gfxmmu
2025-05-08 01:13:35,910 [INFO] IPUIPlugin:80 - create IPUIPlugin
2025-05-08 01:13:35,910 [INFO] PluginManager:220 - loadIPPluginJar : add genericplugin
2025-05-08 01:13:35,911 [INFO] IPUIPlugin:80 - create IPUIPlugin
2025-05-08 01:13:35,911 [INFO] PluginManager:220 - loadIPPluginJar : add cryp
2025-05-08 01:13:35,913 [INFO] IPUIPlugin:80 - create IPUIPlugin
2025-05-08 01:13:35,913 [INFO] PluginManager:220 - loadIPPluginJar : add gpio
2025-05-08 01:13:35,914 [INFO] IPUIPlugin:80 - create IPUIPlugin
2025-05-08 01:13:35,915 [INFO] PluginManager:220 - loadIPPluginJar : add ddr_ctrl_phy
2025-05-08 01:13:35,916 [INFO] IPUIPlugin:80 - create IPUIPlugin
2025-05-08 01:13:35,916 [INFO] PluginManager:220 - loadIPPluginJar : add comp
2025-05-08 01:13:35,917 [INFO] IPUIPlugin:80 - create IPUIPlugin
2025-05-08 01:13:35,918 [INFO] PluginManager:220 - loadIPPluginJar : add tracer_emb
2025-05-08 01:13:35,919 [INFO] IPUIPlugin:80 - create IPUIPlugin
2025-05-08 01:13:35,919 [INFO] PluginManager:220 - loadIPPluginJar : add openamp
2025-05-08 01:13:35,922 [INFO] IPUIPlugin:80 - create IPUIPlugin
2025-05-08 01:13:35,922 [INFO] PluginManager:220 - loadIPPluginJar : add stm32_wpan
2025-05-08 01:13:35,925 [INFO] IPUIPlugin:80 - create IPUIPlugin
2025-05-08 01:13:35,928 [INFO] PluginManager:220 - loadIPPluginJar : add plateformsettings
2025-05-08 01:13:35,929 [INFO] IPUIPlugin:80 - create IPUIPlugin
2025-05-08 01:13:35,929 [INFO] PluginManager:220 - loadIPPluginJar : add ipddr
2025-05-08 01:13:35,930 [INFO] IPUIPlugin:80 - create IPUIPlugin
2025-05-08 01:13:35,930 [INFO] PluginManager:220 - loadIPPluginJar : add usart
2025-05-08 01:13:35,931 [INFO] IPUIPlugin:80 - create IPUIPlugin
2025-05-08 01:13:35,931 [INFO] PluginManager:220 - loadIPPluginJar : add ltdc
2025-05-08 01:13:35,932 [INFO] IPUIPlugin:80 - create IPUIPlugin
2025-05-08 01:13:35,932 [INFO] PluginManager:220 - loadIPPluginJar : add nvic
2025-05-08 01:13:35,933 [INFO] IPUIPlugin:80 - create IPUIPlugin
2025-05-08 01:13:35,933 [INFO] PluginManager:220 - loadIPPluginJar : add fatfs
2025-05-08 01:13:35,937 [INFO] IPUIPlugin:80 - create IPUIPlugin
2025-05-08 01:13:35,937 [INFO] PluginManager:220 - loadIPPluginJar : add linkedlist
2025-05-08 01:13:35,940 [INFO] IPUIPlugin:80 - create IPUIPlugin
2025-05-08 01:13:35,940 [INFO] PluginManager:220 - loadIPPluginJar : add dma
2025-05-08 01:13:35,942 [INFO] IPUIPlugin:80 - create IPUIPlugin
2025-05-08 01:13:35,942 [INFO] PluginManager:220 - loadIPPluginJar : add fmc
2025-05-08 01:13:35,943 [INFO] IPUIPlugin:80 - create IPUIPlugin
2025-05-08 01:13:35,943 [INFO] PluginManager:220 - loadIPPluginJar : add i2s
2025-05-08 01:13:35,943 [INFO] IPUIPlugin:80 - create IPUIPlugin
2025-05-08 01:13:35,944 [INFO] PluginManager:220 - loadIPPluginJar : add ucpd
2025-05-08 01:13:35,944 [INFO] IPUIPlugin:80 - create IPUIPlugin
2025-05-08 01:13:35,945 [INFO] PluginManager:220 - loadIPPluginJar : add lorawan
2025-05-08 01:13:35,946 [INFO] IPUIPlugin:80 - create IPUIPlugin
2025-05-08 01:13:35,946 [INFO] PluginManager:220 - loadIPPluginJar : add opamp
2025-05-08 01:13:35,947 [INFO] IPUIPlugin:80 - create IPUIPlugin
2025-05-08 01:13:35,947 [INFO] PluginManager:220 - loadIPPluginJar : add i3c
2025-05-08 01:13:35,949 [INFO] IPUIPlugin:80 - create IPUIPlugin
2025-05-08 01:13:35,949 [INFO] PluginManager:220 - loadIPPluginJar : add touchsensing
2025-05-08 01:13:35,951 [INFO] IPUIPlugin:80 - create IPUIPlugin
2025-05-08 01:13:35,951 [INFO] PluginManager:220 - loadIPPluginJar : add i2c
2025-05-08 01:13:35,953 [INFO] IPUIPlugin:80 - create IPUIPlugin
2025-05-08 01:13:35,954 [INFO] PluginManager:220 - loadIPPluginJar : add resmgrutility
2025-05-08 01:13:35,955 [INFO] IPUIPlugin:80 - create IPUIPlugin
2025-05-08 01:13:35,955 [INFO] PluginManager:220 - loadIPPluginJar : add sai
2025-05-08 01:13:35,959 [INFO] IPUIPlugin:80 - create IPUIPlugin
2025-05-08 01:13:35,960 [INFO] PluginManager:220 - loadIPPluginJar : add usbx
2025-05-08 01:13:36,073 [FATAL] Updater:351 - Updater called before beeing initialized
2025-05-08 01:13:36,128 [INFO] RulesReader:64 - Compatibility file has been processed (302 Rules)
2025-05-08 01:13:36,147 [INFO] RulesReader:64 - Compatibility file has been processed (302 Rules)
2025-05-08 01:13:36,154 [INFO] CADModel:165 - CPN selected for project level
2025-05-08 01:13:36,154 [INFO] CADModel:114 - Register for checkConnection events
2025-05-08 01:13:36,154 [FATAL] Updater:351 - Updater called before beeing initialized
2025-05-08 01:13:36,155 [ERROR] CADModel:125 - Updater not yet initialized, retry later 
2025-05-08 01:13:36,389 [FATAL] Updater:351 - Updater called before beeing initialized
2025-05-08 01:13:36,391 [INFO] CADModel:165 - CPN selected for project level
2025-05-08 01:13:36,391 [INFO] CADModel:114 - Register for checkConnection events
2025-05-08 01:13:36,392 [FATAL] Updater:351 - Updater called before beeing initialized
2025-05-08 01:13:36,392 [ERROR] CADModel:125 - Updater not yet initialized, retry later 
2025-05-08 01:13:36,394 [FATAL] Updater:351 - Updater called before beeing initialized
2025-05-08 01:13:36,538 [FATAL] Updater:351 - Updater called before beeing initialized
2025-05-08 01:13:36,543 [INFO] DbMcusAds:53 - JSON generation date=Thu Sep 30 06:55:09 GMT 2021 (1632984909247)
2025-05-08 01:13:36,544 [FATAL] Updater:351 - Updater called before beeing initialized
2025-05-08 01:13:36,589 [WARN] DetailPanel:346 - Failed to get advertising image, set to default
2025-05-08 01:13:36,788 [FATAL] Updater:351 - Updater called before beeing initialized
2025-05-08 01:13:36,791 [FATAL] Updater:351 - Updater called before beeing initialized
2025-05-08 01:13:36,792 [FATAL] Updater:351 - Updater called before beeing initialized
2025-05-08 01:13:36,793 [WARN] DetailPanel:346 - Failed to get advertising image, set to default
2025-05-08 01:13:36,797 [FATAL] Updater:351 - Updater called before beeing initialized
2025-05-08 01:13:36,912 [ERROR] Updater:1198 - MainUpdater not yet initialized. External WinMGr cannot be set.
2025-05-08 01:13:36,927 [INFO] Updater:1134 - Updater Version found : 6.14.1
2025-05-08 01:13:36,942 [INFO] ApplicationProperties:184 - Using Application install path: /Applications/STM32CubeIDE.app/Contents/Eclipse/plugins/com.st.stm32cube.common.mx_6.14.1.202504091515
2025-05-08 01:13:37,322 [INFO] MainUpdater:2872 - connection check result : 10
2025-05-08 01:13:37,323 [INFO] MainUpdater:289 - Updater Check For Update Now.
2025-05-08 01:13:37,323 [INFO] MicroXplorer:498 - Change Database Version : DB.6.0.141
2025-05-08 01:13:37,328 [INFO] McuFinderGlobals:63 - Set McuFinder mode to 2 (CubeIDE integrated)
2025-05-08 01:13:37,328 [INFO] UserAuth:171 - activating auth plugin
2025-05-08 01:13:37,348 [INFO] UserAuth:484 - Internet connection configuration mode: 1
2025-05-08 01:13:37,358 [INFO] JxBrowserEngine:152 - Initiate JxBrowser Engine with user profile folder
2025-05-08 01:13:37,609 [INFO] CheckServerUpdateThread:120 - End of CheckServer Thread
2025-05-08 01:13:38,545 [WARN] PackLoader:240 - Cannot read IP mode file for STMicroelectronics.FP-SNS-MOTENVWB1.1.4.0
2025-05-08 01:13:38,565 [WARN] PackLoader:240 - Cannot read IP mode file for STMicroelectronics.FP-ATR-ASTRA1.2.0.2
2025-05-08 01:13:38,579 [WARN] PackLoader:240 - Cannot read IP mode file for STMicroelectronics.X-CUBE-SMBUS.2.1.0
2025-05-08 01:13:38,621 [WARN] PackLoader:240 - Cannot read IP mode file for STMicroelectronics.X-CUBE-AZRTOS-F7.1.1.0
2025-05-08 01:13:38,664 [WARN] PackLoader:240 - Cannot read IP mode file for Infineon.AIROC-Wi-Fi-Bluetooth-STM32.1.7.0
2025-05-08 01:13:38,698 [WARN] PackLoader:240 - Cannot read IP mode file for STMicroelectronics.X-CUBE-DISPLAY.3.0.0
2025-05-08 01:13:38,730 [WARN] PackLoader:240 - Cannot read IP mode file for STMicroelectronics.X-CUBE-NFC10.1.0.0
2025-05-08 01:13:38,749 [WARN] PackLoader:240 - Cannot read IP mode file for STMicroelectronics.X-CUBE-BLEMGR.4.0.0
2025-05-08 01:13:38,762 [WARN] PackLoader:240 - Cannot read IP mode file for emotas.I-CUBE-CANOPEN.1.3.0
2025-05-08 01:13:38,776 [WARN] ConditionMgr:438 - getConditionDescription Invalid condition id : Cortex-A Device cause : null
2025-05-08 01:13:38,791 [WARN] ConditionMgr:1044 - genDependencies : Invalid condition id : Cortex-A Device cause : null
2025-05-08 01:13:38,792 [WARN] ConditionMgr:1044 - genDependencies : Invalid condition id : Cortex-A Device cause : null
2025-05-08 01:13:38,792 [WARN] ConditionMgr:1044 - genDependencies : Invalid condition id : Cortex-A Device cause : null
2025-05-08 01:13:38,796 [WARN] PackLoader:240 - Cannot read IP mode file for STMicroelectronics.X-CUBE-AI.10.0.0
2025-05-08 01:13:38,807 [WARN] PackLoader:240 - Cannot read IP mode file for STMicroelectronics.FP-SNS-SMARTAG2.1.2.0
2025-05-08 01:13:38,812 [WARN] PackLoader:240 - Cannot read IP mode file for STMicroelectronics.FP-SNS-FLIGHT1.5.1.0
2025-05-08 01:13:38,829 [INFO] LogOutputStream:77 - [STDOUT_REDIRECT] 1 : Invalid condition id : UX_CORESTACK_Condition cause : null
2025-05-08 01:13:38,830 [INFO] LogOutputStream:77 - [STDOUT_REDIRECT] 1 : Invalid condition id : UX_CORESTACK_Condition cause : null
2025-05-08 01:13:38,831 [INFO] LogOutputStream:77 - [STDOUT_REDIRECT] 1 : Invalid condition id : UX_CORESTACK_Condition cause : null
2025-05-08 01:13:38,831 [INFO] LogOutputStream:77 - [STDOUT_REDIRECT] 1 : Invalid condition id : UX_CORESTACK_Condition cause : null
2025-05-08 01:13:38,832 [INFO] LogOutputStream:77 - [STDOUT_REDIRECT] 1 : Invalid condition id : UX_CORESTACK_Condition cause : null
2025-05-08 01:13:38,838 [WARN] PackLoader:240 - Cannot read IP mode file for STMicroelectronics.X-CUBE-AZRTOS-WL.2.0.0
2025-05-08 01:13:38,853 [WARN] PackLoader:240 - Cannot read IP mode file for STMicroelectronics.FP-SNS-MOTENV1.5.0.0
2025-05-08 01:13:38,863 [WARN] PackLoader:240 - Cannot read IP mode file for WES.I-CUBE-Cesium.1.3.0
2025-05-08 01:13:38,869 [WARN] PackLoader:240 - Cannot read IP mode file for STMicroelectronics.X-CUBE-BLE2.3.3.0
2025-05-08 01:13:38,879 [WARN] PackLoader:240 - Cannot read IP mode file for STMicroelectronics.X-CUBE-NFC9.1.0.0
2025-05-08 01:13:38,884 [WARN] PackLoader:240 - Cannot read IP mode file for wolfSSL.I-CUBE-wolfSSL.5.8.0
2025-05-08 01:13:38,891 [WARN] PackLoader:240 - Cannot read IP mode file for STMicroelectronics.X-CUBE-BLE1.7.1.0
2025-05-08 01:13:38,897 [WARN] PackLoader:240 - Cannot read IP mode file for wolfSSL.I-CUBE-wolfMQTT.1.19.2
2025-05-08 01:13:38,998 [WARN] PackLoader:240 - Cannot read IP mode file for STMicroelectronics.X-CUBE-MEMS1.11.2.0
2025-05-08 01:13:39,169 [WARN] PackLoader:240 - Cannot read IP mode file for STMicroelectronics.X-CUBE-AZRTOS-G0.1.1.0
2025-05-08 01:13:39,185 [WARN] PackLoader:240 - Cannot read IP mode file for STMicroelectronics.X-CUBE-SAFEA1.1.2.2
2025-05-08 01:13:39,193 [WARN] PackLoader:240 - Cannot read IP mode file for STMicroelectronics.X-CUBE-NFC4.3.0.0
2025-05-08 01:13:39,205 [WARN] PackLoader:240 - Cannot read IP mode file for EmbeddedOffice.I-CUBE-FS-RTOS.1.0.1
2025-05-08 01:13:39,223 [WARN] PackLoader:240 - Cannot read IP mode file for STMicroelectronics.X-CUBE-WB05N.2.0.0
2025-05-08 01:13:39,230 [WARN] PackLoader:240 - Cannot read IP mode file for wolfSSL.I-CUBE-wolfTPM.3.8.0
2025-05-08 01:13:39,235 [WARN] PackLoader:240 - Cannot read IP mode file for STMicroelectronics.X-CUBE-TCPP.4.2.0
2025-05-08 01:13:39,257 [WARN] PackLoader:240 - Cannot read IP mode file for RealThread.X-CUBE-RT-Thread_Nano.4.1.1
2025-05-08 01:13:39,261 [WARN] PackLoader:240 - Cannot read IP mode file for STMicroelectronics.FP-ATR-SIGFOX1.3.2.0
2025-05-08 01:13:39,266 [WARN] PackLoader:240 - Cannot read IP mode file for STMicroelectronics.X-CUBE-EEPRMA1.5.1.0
2025-05-08 01:13:39,271 [WARN] PackLoader:240 - Cannot read IP mode file for ITTIA_DB.I-CUBE-ITTIADB.8.9.0
2025-05-08 01:13:39,310 [WARN] PackLoader:240 - Cannot read IP mode file for SEGGER.I-CUBE-embOS.1.3.1
2025-05-08 01:13:39,600 [WARN] PackLoader:240 - Cannot read IP mode file for STMicroelectronics.X-CUBE-ALGOBUILD.1.4.0
2025-05-08 01:13:39,714 [WARN] PackLoader:240 - Cannot read IP mode file for STMicroelectronics.X-CUBE-AZRTOS-F4.1.1.0
2025-05-08 01:13:39,728 [WARN] PackLoader:240 - Cannot read IP mode file for Avnet-IotConnect.X-CUBE-IoTC-DA16k-PMOD.1.0.0
2025-05-08 01:13:39,735 [WARN] PackLoader:240 - Cannot read IP mode file for STMicroelectronics.X-CUBE-ISPU.2.1.0
2025-05-08 01:13:39,763 [WARN] PackLoader:240 - Cannot read IP mode file for STMicroelectronics.X-CUBE-AZRTOS-L5.2.0.0
2025-05-08 01:13:39,810 [WARN] PackLoader:240 - Cannot read IP mode file for STMicroelectronics.X-CUBE-NFC6.3.1.0
2025-05-08 01:13:39,828 [WARN] PackLoader:240 - Cannot read IP mode file for STMicroelectronics.X-CUBE-FREERTOS.1.3.1
2025-05-08 01:13:39,840 [WARN] PackLoader:240 - Cannot read IP mode file for STMicroelectronics.X-CUBE-DPower.1.3.0
2025-05-08 01:13:39,870 [WARN] ConditionMgr:438 - getConditionDescription Invalid condition id : LAN8742 Phy interface Condition cause : null
2025-05-08 01:13:39,876 [WARN] PackLoader:240 - Cannot read IP mode file for STMicroelectronics.X-CUBE-AZRTOS-L4.2.0.0
2025-05-08 01:13:39,879 [WARN] ConditionMgr:1044 - genDependencies : Invalid condition id : LAN8742 Phy interface Condition cause : null
2025-05-08 01:13:39,879 [WARN] ConditionMgr:1044 - genDependencies : Invalid condition id : LAN8742 Phy interface Condition cause : null
2025-05-08 01:13:39,881 [WARN] ConditionMgr:1044 - genDependencies : Invalid condition id : LAN8742 Phy interface Condition cause : null
2025-05-08 01:13:39,900 [WARN] PackLoader:240 - Cannot read IP mode file for STMicroelectronics.X-CUBE-SFXS2LP1.4.0.0
2025-05-08 01:13:39,928 [WARN] PackLoader:240 - Cannot read IP mode file for STMicroelectronics.X-CUBE-AZRTOS-H7.3.3.0
2025-05-08 01:13:39,947 [WARN] ConditionMgr:438 - getConditionDescription Invalid condition id : UX DEVICE CLASS RTOS Condition cause : null
2025-05-08 01:13:39,947 [WARN] ConditionMgr:438 - getConditionDescription Invalid condition id : UX DEVICE CLASS RTOS Condition cause : null
2025-05-08 01:13:39,951 [WARN] PackLoader:240 - Cannot read IP mode file for STMicroelectronics.X-CUBE-AZRTOS-WB.2.0.0
2025-05-08 01:13:39,952 [WARN] ConditionMgr:1044 - genDependencies : Invalid condition id : UX DEVICE CLASS RTOS Condition cause : null
2025-05-08 01:13:39,952 [WARN] ConditionMgr:1044 - genDependencies : Invalid condition id : UX DEVICE CLASS RTOS Condition cause : null
2025-05-08 01:13:39,953 [WARN] ConditionMgr:1044 - genDependencies : Invalid condition id : UX DEVICE CLASS RTOS Condition cause : null
2025-05-08 01:13:39,953 [WARN] ConditionMgr:1044 - genDependencies : Invalid condition id : UX DEVICE CLASS RTOS Condition cause : null
2025-05-08 01:13:39,953 [WARN] ConditionMgr:1044 - genDependencies : Invalid condition id : UX DEVICE CLASS RTOS Condition cause : null
2025-05-08 01:13:39,961 [WARN] PackLoader:240 - Cannot read IP mode file for STMicroelectronics.X-CUBE-GNSS1.7.0.1
2025-05-08 01:13:39,985 [WARN] PackLoader:240 - Cannot read IP mode file for STMicroelectronics.X-CUBE-TOUCHGFX.4.25.0
2025-05-08 01:13:39,991 [WARN] PackLoader:240 - Cannot read IP mode file for STMicroelectronics.FP-SNS-STBOX1.2.0.0
2025-05-08 01:13:40,003 [WARN] PackLoader:240 - Cannot read IP mode file for STMicroelectronics.X-CUBE-SUBG2.5.0.0
2025-05-08 01:13:40,027 [WARN] PackLoader:240 - Cannot read IP mode file for STMicroelectronics.X-CUBE-AZRTOS-H7RS.1.1.0
2025-05-08 01:13:40,033 [WARN] PackLoader:240 - Cannot read IP mode file for Cesanta.I-CUBE-Mongoose.7.13.0
2025-05-08 01:13:40,047 [WARN] PackLoader:240 - Cannot read IP mode file for STMicroelectronics.X-CUBE-AZRTOS-G4.2.0.0
2025-05-08 01:13:40,051 [WARN] PackLoader:240 - Cannot read IP mode file for wolfSSL.I-CUBE-wolfSSH.1.4.20
2025-05-08 01:13:40,058 [WARN] PackLoader:240 - Cannot read IP mode file for STMicroelectronics.X-CUBE-NFC7.2.0.0
2025-05-08 01:13:40,074 [WARN] PackLoader:240 - Cannot read IP mode file for STMicroelectronics.X-CUBE-IPS.3.1.0
2025-05-08 01:13:40,080 [WARN] PackLoader:240 - Cannot read IP mode file for STMicroelectronics.X-CUBE-ALS.1.0.2
2025-05-08 01:13:40,084 [WARN] PackLoader:240 - Cannot read IP mode file for portGmbH.I-Cube-SoM-uGOAL.1.1.0
2025-05-08 01:13:40,099 [WARN] PackLoader:240 - Cannot read IP mode file for STMicroelectronics.X-CUBE-TOF1.3.4.3
2025-05-08 01:13:40,130 [INFO] ThirdParty:978 - Integrity check success = true
2025-05-08 01:13:40,131 [INFO] IntegrityCheckThread:100 - exiting critical section [integrity check]
2025-05-08 01:13:40,131 [INFO] IntegrityCheckThread:103 - End integrity checks thread
2025-05-08 01:13:41,352 [INFO] WebApp:169 - Instantiating new browser for Auth
2025-05-08 01:13:42,515 [INFO] WebApp:463 - Apply proxy settings
2025-05-08 01:13:42,542 [INFO] WebApp:508 - Chromium authenticates against Manually configured proxy
2025-05-08 01:13:42,562 [INFO] WebApp:516 - Username used for proxy authentication: 
2025-05-08 01:13:42,611 [INFO] WebApp:894 - Register for checkConnection events
2025-05-08 01:13:42,612 [INFO] WebApp:463 - Apply proxy settings
2025-05-08 01:13:42,619 [INFO] WebApp:508 - Chromium authenticates against Manually configured proxy
2025-05-08 01:13:42,619 [INFO] WebApp:516 - Username used for proxy authentication: 
2025-05-08 01:13:42,782 [INFO] WebApp:225 - Starting web application
2025-05-08 01:13:42,783 [INFO] WebApp:593 - Web application path used /Applications/STM32CubeIDE.app/Contents/Eclipse/plugins/com.st.stm32cube.common.mx_6.14.1.202504091515/db/plugins/mcufinder/reactClient1/index.html
2025-05-08 01:13:43,376 [INFO] WebApp:191 - Connection restablished
2025-05-08 01:27:15,397 [INFO] Activator:176 - 


2025-05-08 01:27:15,399 [INFO] Activator:177 - !SESSION log4j initialized
2025-05-08 01:27:17,032 [INFO] LogOutputStream:77 - [STDOUT_REDIRECT] 
2025-05-08 01:27:18,024 [ERROR] LogOutputStream:75 - [STDERR_REDIRECT] 
2025-05-08 01:27:20,076 [INFO] LogOutputStream:77 - [STDOUT_REDIRECT] 
2025-05-08 01:27:21,846 [INFO] ApplicationProperties:184 - Using Application install path: /Applications/STM32CubeIDE.app/Contents/Eclipse/plugins/com.st.stm32cube.common.mx_6.14.1.202504091515
2025-05-08 01:27:21,857 [INFO] DbMcusXml:78 - Set database path to: /Applications/STM32CubeIDE.app/Contents/Eclipse/plugins/com.st.stm32cube.common.mx_6.14.1.202504091515//db//mcu/
2025-05-08 01:27:21,857 [INFO] ApiDb:274 - Set plugin database path to: /Applications/STM32CubeIDE.app/Contents/Eclipse/plugins/com.st.stm32cube.common.mx_6.14.1.202504091515//db//plugins/boardmanager/
2025-05-08 01:27:21,858 [WARN] ApiDb:259 - Overriding images path with different value:  => /Applications/STM32CubeIDE.app/Contents/Eclipse/plugins/com.st.stm32cube.common.mx_6.14.1.202504091515//db//plugins/mcufinder/images/
2025-05-08 01:27:21,862 [INFO] ApiDb:250 - Set database path to: /Users/matthewoduamafu/.stmcufinder/plugins/mcufinder//mcu/
2025-05-08 01:27:21,862 [INFO] DbMcusAds:125 - Set database path to: /Users/matthewoduamafu/.stmcufinder/plugins/mcufinder//mcu/
2025-05-08 01:27:21,864 [INFO] CrossReferenceDbSqlite:203 - Set database path to: /Users/matthewoduamafu/.stmcufinder/plugins/mcufinder//mcu/cs/
2025-05-08 01:27:21,978 [INFO] RulesReader:64 - Compatibility file has been processed (302 Rules)
2025-05-08 01:27:22,044 [INFO] DbMcusXml:78 - Set database path to: /Applications/STM32CubeIDE.app/Contents/Eclipse/plugins/com.st.stm32cube.common.mx_6.14.1.202504091515//db//mcu/
2025-05-08 01:27:22,044 [INFO] ApiDb:274 - Set plugin database path to: /Applications/STM32CubeIDE.app/Contents/Eclipse/plugins/com.st.stm32cube.common.mx_6.14.1.202504091515//db//plugins/boardmanager/
2025-05-08 01:27:22,044 [INFO] ApiDb:261 - Set plugin images path to: /Applications/STM32CubeIDE.app/Contents/Eclipse/plugins/com.st.stm32cube.common.mx_6.14.1.202504091515//db//plugins/mcufinder/images/
2025-05-08 01:27:22,045 [WARN] DbFile:41 - Overriding database path with different value: /Users/matthewoduamafu/.stmcufinder/plugins/mcufinder/ => /Users/matthewoduamafu/.stmcufinder/plugins/mcufinder
2025-05-08 01:27:22,045 [INFO] ApiDb:250 - Set database path to: /Users/matthewoduamafu/.stmcufinder/plugins/mcufinder//mcu/
2025-05-08 01:27:22,045 [WARN] DbFile:41 - Overriding database path with different value: /Users/matthewoduamafu/.stmcufinder/plugins/mcufinder/ => /Users/matthewoduamafu/.stmcufinder/plugins/mcufinder
2025-05-08 01:27:22,045 [INFO] DbMcusAds:125 - Set database path to: /Users/matthewoduamafu/.stmcufinder/plugins/mcufinder//mcu/
2025-05-08 01:27:22,045 [WARN] DbFile:41 - Overriding database path with different value: /Users/matthewoduamafu/.stmcufinder/plugins/mcufinder/ => /Users/matthewoduamafu/.stmcufinder/plugins/mcufinder
2025-05-08 01:27:22,045 [WARN] DbFile:41 - Overriding database path with different value: /Users/matthewoduamafu/.stmcufinder/plugins/mcufinder/ => /Users/matthewoduamafu/.stmcufinder/plugins/mcufinder
2025-05-08 01:27:22,045 [INFO] CrossReferenceDbSqlite:203 - Set database path to: /Users/matthewoduamafu/.stmcufinder/plugins/mcufinder//mcu/cs/
2025-05-08 01:27:22,104 [INFO] MainPanel:272 - HeapMemory: 268435456
2025-05-08 01:27:22,295 [INFO] DbMcusXml:78 - Set database path to: /Applications/STM32CubeIDE.app/Contents/Eclipse/plugins/com.st.stm32cube.common.mx_6.14.1.202504091515//db//mcu/
2025-05-08 01:27:22,295 [INFO] ApiDb:274 - Set plugin database path to: /Applications/STM32CubeIDE.app/Contents/Eclipse/plugins/com.st.stm32cube.common.mx_6.14.1.202504091515//db//plugins/boardmanager/
2025-05-08 01:27:22,295 [INFO] ApiDb:261 - Set plugin images path to: /Applications/STM32CubeIDE.app/Contents/Eclipse/plugins/com.st.stm32cube.common.mx_6.14.1.202504091515//db//plugins/mcufinder/images/
2025-05-08 01:27:22,295 [WARN] DbFile:41 - Overriding database path with different value: /Users/matthewoduamafu/.stmcufinder/plugins/mcufinder/ => /Users/matthewoduamafu/.stmcufinder/plugins/mcufinder
2025-05-08 01:27:22,295 [INFO] ApiDb:250 - Set database path to: /Users/matthewoduamafu/.stmcufinder/plugins/mcufinder//mcu/
2025-05-08 01:27:22,295 [WARN] DbFile:41 - Overriding database path with different value: /Users/matthewoduamafu/.stmcufinder/plugins/mcufinder/ => /Users/matthewoduamafu/.stmcufinder/plugins/mcufinder
2025-05-08 01:27:22,295 [INFO] DbMcusAds:125 - Set database path to: /Users/matthewoduamafu/.stmcufinder/plugins/mcufinder//mcu/
2025-05-08 01:27:22,295 [WARN] DbFile:41 - Overriding database path with different value: /Users/matthewoduamafu/.stmcufinder/plugins/mcufinder/ => /Users/matthewoduamafu/.stmcufinder/plugins/mcufinder
2025-05-08 01:27:22,296 [WARN] DbFile:41 - Overriding database path with different value: /Users/matthewoduamafu/.stmcufinder/plugins/mcufinder/ => /Users/matthewoduamafu/.stmcufinder/plugins/mcufinder
2025-05-08 01:27:22,296 [INFO] CrossReferenceDbSqlite:203 - Set database path to: /Users/matthewoduamafu/.stmcufinder/plugins/mcufinder//mcu/cs/
2025-05-08 01:27:22,313 [INFO] ApplicationProperties:184 - Using Application install path: /Applications/STM32CubeIDE.app/Contents/Eclipse/plugins/com.st.stm32cube.common.mx_6.14.1.202504091515
2025-05-08 01:27:22,313 [INFO] PluginManage:196 - Search for loadable plugins [exclusion list=, ]
2025-05-08 01:27:22,315 [INFO] PluginManage:310 - Check plugin analytics
2025-05-08 01:27:22,507 [INFO] AnalyticsPlugin:253 - Accepted Software Licenses: 
2025-05-08 01:27:22,508 [INFO] AnalyticsPlugin:255 - Accepted CMSIS Pack Licenses: 
2025-05-08 01:27:22,508 [INFO] AnalyticsPlugin:257 - Accepted Firmware Licenses: 
2025-05-08 01:27:22,515 [INFO] PluginManage:359 - Loaded plugin analytics (category:tool,tabindex:-1)
2025-05-08 01:27:22,516 [INFO] PluginManage:310 - Check plugin cadmodel
2025-05-08 01:27:22,527 [INFO] CADModel:105 - Init CAD model plugin
2025-05-08 01:27:22,527 [INFO] PluginManage:359 - Loaded plugin cadmodel (category:power,tabindex:5)
2025-05-08 01:27:22,527 [INFO] PluginManage:310 - Check plugin clock
2025-05-08 01:27:22,537 [INFO] PluginManage:359 - Loaded plugin clock (category:base,tabindex:2)
2025-05-08 01:27:22,537 [INFO] PluginManage:310 - Check plugin ddr
2025-05-08 01:27:22,538 [INFO] PluginManage:359 - Loaded plugin ddr (category:tool,tabindex:6)
2025-05-08 01:27:22,539 [INFO] PluginManage:310 - Check plugin filemanager
2025-05-08 01:27:22,663 [INFO] PluginManage:359 - Loaded plugin filemanager (category:base,tabindex:10)
2025-05-08 01:27:22,663 [INFO] PluginManage:310 - Check plugin ipmanager
2025-05-08 01:27:22,670 [INFO] PluginManage:359 - Loaded plugin ipmanager (category:base,tabindex:5)
2025-05-08 01:27:22,670 [INFO] PluginManage:310 - Check plugin lpbam
2025-05-08 01:27:22,677 [INFO] PluginManage:359 - Loaded plugin lpbam (category:base,tabindex:0)
2025-05-08 01:27:22,677 [INFO] PluginManage:310 - Check plugin memorymap
2025-05-08 01:27:22,714 [INFO] PluginManage:359 - Loaded plugin memorymap (category:base,tabindex:4)
2025-05-08 01:27:22,715 [INFO] PluginManage:310 - Check plugin pinoutandconfiguration
2025-05-08 01:27:22,725 [INFO] PluginManage:359 - Loaded plugin pinoutandconfiguration (category:base,tabindex:1)
2025-05-08 01:27:22,725 [INFO] PluginManage:310 - Check plugin pinoutconfig
2025-05-08 01:27:23,124 [WARN] SupportedApi:132 - Cannot load RTOS API schema: s4s-elt-must-match.1: The content of 'definitions' must match (annotation?, (simpleType | complexType)?, (unique | key | keyref)*)). A problem was found starting at: attribute.
2025-05-08 01:27:23,325 [INFO] PluginManage:359 - Loaded plugin pinoutconfig (category:base,tabindex:0)
2025-05-08 01:27:23,327 [INFO] PluginManage:310 - Check plugin power
2025-05-08 01:27:23,349 [INFO] PluginManage:359 - Loaded plugin power (category:power,tabindex:4)
2025-05-08 01:27:23,350 [INFO] PluginManage:310 - Check plugin projectmanager
2025-05-08 01:27:23,390 [INFO] PluginManage:359 - Loaded plugin projectmanager (category:projectmanager,tabindex:4)
2025-05-08 01:27:23,391 [INFO] PluginManage:310 - Check plugin rif
2025-05-08 01:27:23,396 [INFO] PluginManage:359 - Loaded plugin rif (category:base,tabindex:3)
2025-05-08 01:27:23,396 [INFO] PluginManage:310 - Check plugin thirdparty
2025-05-08 01:27:23,541 [INFO] PluginManage:359 - Loaded plugin thirdparty (category:base,tabindex:-1)
2025-05-08 01:27:23,541 [INFO] PluginManage:310 - Check plugin tools
2025-05-08 01:27:23,546 [INFO] PluginManage:359 - Loaded plugin tools (category:base,tabindex:7)
2025-05-08 01:27:23,547 [INFO] PluginManage:310 - Check plugin tutovideos
2025-05-08 01:27:23,541 [WARN] IntegrityCheckThread:84 - waiting for thirdparty lock release [integrity check]
2025-05-08 01:27:23,547 [INFO] IntegrityCheckThread:86 - entering critical section [integrity check]
2025-05-08 01:27:23,549 [INFO] ThirdPartyUpdaterWithRetryManager:70 - Updater plugin not ready yet. [1/15]
2025-05-08 01:27:23,711 [INFO] PluginManage:359 - Loaded plugin tutovideos (category:base,tabindex:-1)
2025-05-08 01:27:23,712 [INFO] PluginManage:310 - Check plugin updater
2025-05-08 01:27:23,737 [INFO] PluginManage:359 - Loaded plugin updater (category:base,tabindex:12)
2025-05-08 01:27:23,737 [INFO] PluginManage:310 - Check plugin userauth
2025-05-08 01:27:23,742 [INFO] UserAuth:118 - Init User Auth plugin
2025-05-08 01:27:23,743 [INFO] PluginManage:359 - Loaded plugin userauth (category:base,tabindex:14)
2025-05-08 01:27:23,744 [INFO] PluginManage:283 - PluginManage : Loaded plugins [18]
2025-05-08 01:27:23,965 [INFO] PinOutPanel:1589 - setPackage(No Configuration,No Configuration)
2025-05-08 01:27:24,025 [INFO] CADModel:165 - CPN selected for project level
2025-05-08 01:27:24,025 [INFO] CADModel:114 - Register for checkConnection events
2025-05-08 01:27:24,034 [INFO] IPUIPlugin:80 - create IPUIPlugin
2025-05-08 01:27:24,034 [INFO] PluginManager:220 - loadIPPluginJar : add mdma
2025-05-08 01:27:24,038 [INFO] IPUIPlugin:80 - create IPUIPlugin
2025-05-08 01:27:24,038 [INFO] PluginManager:220 - loadIPPluginJar : add freertos
2025-05-08 01:27:24,041 [INFO] IPUIPlugin:80 - create IPUIPlugin
2025-05-08 01:27:24,041 [INFO] PluginManager:220 - loadIPPluginJar : add gic
2025-05-08 01:27:24,046 [INFO] IPUIPlugin:80 - create IPUIPlugin
2025-05-08 01:27:24,046 [INFO] PluginManager:220 - loadIPPluginJar : add adc
2025-05-08 01:27:24,048 [INFO] IPUIPlugin:80 - create IPUIPlugin
2025-05-08 01:27:24,048 [INFO] PluginManager:220 - loadIPPluginJar : add gtzc
2025-05-08 01:27:24,049 [INFO] IPUIPlugin:80 - create IPUIPlugin
2025-05-08 01:27:24,049 [INFO] PluginManager:220 - loadIPPluginJar : add quadspi
2025-05-08 01:27:24,050 [INFO] IPUIPlugin:80 - create IPUIPlugin
2025-05-08 01:27:24,050 [INFO] PluginManager:220 - loadIPPluginJar : add aes
2025-05-08 01:27:24,051 [INFO] IPUIPlugin:80 - create IPUIPlugin
2025-05-08 01:27:24,051 [INFO] PluginManager:220 - loadIPPluginJar : add pdm2pcm
2025-05-08 01:27:24,052 [INFO] IPUIPlugin:80 - create IPUIPlugin
2025-05-08 01:27:24,052 [INFO] PluginManager:220 - loadIPPluginJar : add hash
2025-05-08 01:27:24,052 [INFO] IPUIPlugin:80 - create IPUIPlugin
2025-05-08 01:27:24,052 [INFO] PluginManager:220 - loadIPPluginJar : add tim
2025-05-08 01:27:24,053 [INFO] IPUIPlugin:80 - create IPUIPlugin
2025-05-08 01:27:24,053 [INFO] PluginManager:220 - loadIPPluginJar : add tsc
2025-05-08 01:27:24,054 [INFO] IPUIPlugin:80 - create IPUIPlugin
2025-05-08 01:27:24,055 [INFO] PluginManager:220 - loadIPPluginJar : add extmemmanager
2025-05-08 01:27:24,056 [INFO] IPUIPlugin:80 - create IPUIPlugin
2025-05-08 01:27:24,056 [INFO] PluginManager:220 - loadIPPluginJar : add ts
2025-05-08 01:27:24,056 [INFO] IPUIPlugin:80 - create IPUIPlugin
2025-05-08 01:27:24,057 [INFO] PluginManager:220 - loadIPPluginJar : add radio
2025-05-08 01:27:24,058 [INFO] IPUIPlugin:80 - create IPUIPlugin
2025-05-08 01:27:24,058 [INFO] PluginManager:220 - loadIPPluginJar : add can
2025-05-08 01:27:24,059 [INFO] IPUIPlugin:80 - create IPUIPlugin
2025-05-08 01:27:24,059 [INFO] PluginManager:220 - loadIPPluginJar : add dma3
2025-05-08 01:27:24,060 [INFO] IPUIPlugin:80 - create IPUIPlugin
2025-05-08 01:27:24,060 [INFO] PluginManager:220 - loadIPPluginJar : add dfsdm
2025-05-08 01:27:24,062 [INFO] IPUIPlugin:80 - create IPUIPlugin
2025-05-08 01:27:24,062 [INFO] PluginManager:220 - loadIPPluginJar : add spi
2025-05-08 01:27:24,063 [INFO] IPUIPlugin:80 - create IPUIPlugin
2025-05-08 01:27:24,063 [INFO] PluginManager:220 - loadIPPluginJar : add gfxmmu
2025-05-08 01:27:24,064 [INFO] IPUIPlugin:80 - create IPUIPlugin
2025-05-08 01:27:24,064 [INFO] PluginManager:220 - loadIPPluginJar : add genericplugin
2025-05-08 01:27:24,065 [INFO] IPUIPlugin:80 - create IPUIPlugin
2025-05-08 01:27:24,065 [INFO] PluginManager:220 - loadIPPluginJar : add cryp
2025-05-08 01:27:24,066 [INFO] IPUIPlugin:80 - create IPUIPlugin
2025-05-08 01:27:24,067 [INFO] PluginManager:220 - loadIPPluginJar : add gpio
2025-05-08 01:27:24,068 [INFO] IPUIPlugin:80 - create IPUIPlugin
2025-05-08 01:27:24,069 [INFO] PluginManager:220 - loadIPPluginJar : add ddr_ctrl_phy
2025-05-08 01:27:24,069 [INFO] IPUIPlugin:80 - create IPUIPlugin
2025-05-08 01:27:24,070 [INFO] PluginManager:220 - loadIPPluginJar : add comp
2025-05-08 01:27:24,071 [INFO] IPUIPlugin:80 - create IPUIPlugin
2025-05-08 01:27:24,072 [INFO] PluginManager:220 - loadIPPluginJar : add tracer_emb
2025-05-08 01:27:24,073 [INFO] IPUIPlugin:80 - create IPUIPlugin
2025-05-08 01:27:24,074 [INFO] PluginManager:220 - loadIPPluginJar : add openamp
2025-05-08 01:27:24,076 [INFO] IPUIPlugin:80 - create IPUIPlugin
2025-05-08 01:27:24,076 [INFO] PluginManager:220 - loadIPPluginJar : add stm32_wpan
2025-05-08 01:27:24,081 [INFO] IPUIPlugin:80 - create IPUIPlugin
2025-05-08 01:27:24,083 [INFO] PluginManager:220 - loadIPPluginJar : add plateformsettings
2025-05-08 01:27:24,085 [INFO] IPUIPlugin:80 - create IPUIPlugin
2025-05-08 01:27:24,085 [INFO] PluginManager:220 - loadIPPluginJar : add ipddr
2025-05-08 01:27:24,086 [INFO] IPUIPlugin:80 - create IPUIPlugin
2025-05-08 01:27:24,086 [INFO] PluginManager:220 - loadIPPluginJar : add usart
2025-05-08 01:27:24,091 [INFO] IPUIPlugin:80 - create IPUIPlugin
2025-05-08 01:27:24,091 [INFO] PluginManager:220 - loadIPPluginJar : add ltdc
2025-05-08 01:27:24,095 [INFO] IPUIPlugin:80 - create IPUIPlugin
2025-05-08 01:27:24,095 [INFO] PluginManager:220 - loadIPPluginJar : add nvic
2025-05-08 01:27:24,095 [INFO] IPUIPlugin:80 - create IPUIPlugin
2025-05-08 01:27:24,095 [INFO] PluginManager:220 - loadIPPluginJar : add fatfs
2025-05-08 01:27:24,104 [INFO] IPUIPlugin:80 - create IPUIPlugin
2025-05-08 01:27:24,104 [INFO] PluginManager:220 - loadIPPluginJar : add linkedlist
2025-05-08 01:27:24,110 [INFO] IPUIPlugin:80 - create IPUIPlugin
2025-05-08 01:27:24,110 [INFO] PluginManager:220 - loadIPPluginJar : add dma
2025-05-08 01:27:24,113 [INFO] IPUIPlugin:80 - create IPUIPlugin
2025-05-08 01:27:24,113 [INFO] PluginManager:220 - loadIPPluginJar : add fmc
2025-05-08 01:27:24,114 [INFO] IPUIPlugin:80 - create IPUIPlugin
2025-05-08 01:27:24,114 [INFO] PluginManager:220 - loadIPPluginJar : add i2s
2025-05-08 01:27:24,114 [INFO] IPUIPlugin:80 - create IPUIPlugin
2025-05-08 01:27:24,114 [INFO] PluginManager:220 - loadIPPluginJar : add ucpd
2025-05-08 01:27:24,116 [INFO] IPUIPlugin:80 - create IPUIPlugin
2025-05-08 01:27:24,116 [INFO] PluginManager:220 - loadIPPluginJar : add lorawan
2025-05-08 01:27:24,117 [INFO] IPUIPlugin:80 - create IPUIPlugin
2025-05-08 01:27:24,117 [INFO] PluginManager:220 - loadIPPluginJar : add opamp
2025-05-08 01:27:24,119 [INFO] IPUIPlugin:80 - create IPUIPlugin
2025-05-08 01:27:24,119 [INFO] PluginManager:220 - loadIPPluginJar : add i3c
2025-05-08 01:27:24,122 [INFO] IPUIPlugin:80 - create IPUIPlugin
2025-05-08 01:27:24,122 [INFO] PluginManager:220 - loadIPPluginJar : add touchsensing
2025-05-08 01:27:24,124 [INFO] IPUIPlugin:80 - create IPUIPlugin
2025-05-08 01:27:24,124 [INFO] PluginManager:220 - loadIPPluginJar : add i2c
2025-05-08 01:27:24,126 [INFO] IPUIPlugin:80 - create IPUIPlugin
2025-05-08 01:27:24,126 [INFO] PluginManager:220 - loadIPPluginJar : add resmgrutility
2025-05-08 01:27:24,127 [INFO] IPUIPlugin:80 - create IPUIPlugin
2025-05-08 01:27:24,127 [INFO] PluginManager:220 - loadIPPluginJar : add sai
2025-05-08 01:27:24,128 [INFO] IPUIPlugin:80 - create IPUIPlugin
2025-05-08 01:27:24,128 [INFO] PluginManager:220 - loadIPPluginJar : add usbx
2025-05-08 01:27:24,241 [FATAL] Updater:351 - Updater called before beeing initialized
2025-05-08 01:27:24,301 [INFO] RulesReader:64 - Compatibility file has been processed (302 Rules)
2025-05-08 01:27:24,315 [INFO] RulesReader:64 - Compatibility file has been processed (302 Rules)
2025-05-08 01:27:24,330 [INFO] CADModel:165 - CPN selected for project level
2025-05-08 01:27:24,330 [INFO] CADModel:114 - Register for checkConnection events
2025-05-08 01:27:24,330 [FATAL] Updater:351 - Updater called before beeing initialized
2025-05-08 01:27:24,331 [ERROR] CADModel:125 - Updater not yet initialized, retry later 
2025-05-08 01:27:24,533 [FATAL] Updater:351 - Updater called before beeing initialized
2025-05-08 01:27:24,535 [INFO] CADModel:165 - CPN selected for project level
2025-05-08 01:27:24,535 [INFO] CADModel:114 - Register for checkConnection events
2025-05-08 01:27:24,535 [FATAL] Updater:351 - Updater called before beeing initialized
2025-05-08 01:27:24,535 [ERROR] CADModel:125 - Updater not yet initialized, retry later 
2025-05-08 01:27:24,537 [FATAL] Updater:351 - Updater called before beeing initialized
2025-05-08 01:27:24,688 [FATAL] Updater:351 - Updater called before beeing initialized
2025-05-08 01:27:24,694 [INFO] DbMcusAds:53 - JSON generation date=Wed May 07 09:07:55 GMT 2025 (1746608875187)
2025-05-08 01:27:24,695 [FATAL] Updater:351 - Updater called before beeing initialized
2025-05-08 01:27:24,740 [WARN] DetailPanel:346 - Failed to get advertising image, set to default
2025-05-08 01:27:24,932 [FATAL] Updater:351 - Updater called before beeing initialized
2025-05-08 01:27:24,935 [FATAL] Updater:351 - Updater called before beeing initialized
2025-05-08 01:27:24,935 [FATAL] Updater:351 - Updater called before beeing initialized
2025-05-08 01:27:24,936 [WARN] DetailPanel:346 - Failed to get advertising image, set to default
2025-05-08 01:27:24,939 [FATAL] Updater:351 - Updater called before beeing initialized
2025-05-08 01:27:24,998 [ERROR] Updater:1198 - MainUpdater not yet initialized. External WinMGr cannot be set.
2025-05-08 01:27:25,007 [INFO] Updater:1134 - Updater Version found : 6.14.1
2025-05-08 01:27:25,018 [INFO] ApplicationProperties:184 - Using Application install path: /Applications/STM32CubeIDE.app/Contents/Eclipse/plugins/com.st.stm32cube.common.mx_6.14.1.202504091515
2025-05-08 01:27:25,442 [INFO] MainUpdater:2872 - connection check result : 10
2025-05-08 01:27:25,443 [INFO] MainUpdater:289 - Updater Check For Update Now.
2025-05-08 01:27:25,444 [INFO] MicroXplorer:498 - Change Database Version : DB.6.0.141
2025-05-08 01:27:25,452 [INFO] McuFinderGlobals:63 - Set McuFinder mode to 2 (CubeIDE integrated)
2025-05-08 01:27:25,452 [INFO] UserAuth:171 - activating auth plugin
2025-05-08 01:27:25,475 [INFO] UserAuth:484 - Internet connection configuration mode: 1
2025-05-08 01:27:25,490 [INFO] JxBrowserEngine:152 - Initiate JxBrowser Engine with user profile folder
2025-05-08 01:27:25,721 [INFO] CheckServerUpdateThread:120 - End of CheckServer Thread
2025-05-08 01:27:26,722 [WARN] PackLoader:240 - Cannot read IP mode file for STMicroelectronics.FP-SNS-MOTENVWB1.1.4.0
2025-05-08 01:27:26,744 [WARN] PackLoader:240 - Cannot read IP mode file for STMicroelectronics.FP-ATR-ASTRA1.2.0.2
2025-05-08 01:27:26,761 [WARN] PackLoader:240 - Cannot read IP mode file for STMicroelectronics.X-CUBE-SMBUS.2.1.0
2025-05-08 01:27:26,796 [WARN] PackLoader:240 - Cannot read IP mode file for STMicroelectronics.X-CUBE-AZRTOS-F7.1.1.0
2025-05-08 01:27:26,857 [WARN] PackLoader:240 - Cannot read IP mode file for Infineon.AIROC-Wi-Fi-Bluetooth-STM32.1.7.0
2025-05-08 01:27:26,894 [WARN] PackLoader:240 - Cannot read IP mode file for STMicroelectronics.X-CUBE-DISPLAY.3.0.0
2025-05-08 01:27:26,928 [WARN] PackLoader:240 - Cannot read IP mode file for STMicroelectronics.X-CUBE-NFC10.1.0.0
2025-05-08 01:27:26,952 [WARN] PackLoader:240 - Cannot read IP mode file for STMicroelectronics.X-CUBE-BLEMGR.4.0.0
2025-05-08 01:27:26,972 [WARN] PackLoader:240 - Cannot read IP mode file for emotas.I-CUBE-CANOPEN.1.3.0
2025-05-08 01:27:26,978 [WARN] ConditionMgr:438 - getConditionDescription Invalid condition id : Cortex-A Device cause : null
2025-05-08 01:27:26,991 [WARN] ConditionMgr:1044 - genDependencies : Invalid condition id : Cortex-A Device cause : null
2025-05-08 01:27:26,992 [WARN] ConditionMgr:1044 - genDependencies : Invalid condition id : Cortex-A Device cause : null
2025-05-08 01:27:26,992 [WARN] ConditionMgr:1044 - genDependencies : Invalid condition id : Cortex-A Device cause : null
2025-05-08 01:27:26,996 [WARN] PackLoader:240 - Cannot read IP mode file for STMicroelectronics.X-CUBE-AI.10.0.0
2025-05-08 01:27:27,000 [WARN] PackLoader:240 - Cannot read IP mode file for STMicroelectronics.FP-SNS-SMARTAG2.1.2.0
2025-05-08 01:27:27,004 [WARN] PackLoader:240 - Cannot read IP mode file for STMicroelectronics.FP-SNS-FLIGHT1.5.1.0
2025-05-08 01:27:27,028 [INFO] LogOutputStream:77 - [STDOUT_REDIRECT] 1 : Invalid condition id : UX_CORESTACK_Condition cause : null
2025-05-08 01:27:27,029 [INFO] LogOutputStream:77 - [STDOUT_REDIRECT] 1 : Invalid condition id : UX_CORESTACK_Condition cause : null
2025-05-08 01:27:27,030 [INFO] LogOutputStream:77 - [STDOUT_REDIRECT] 1 : Invalid condition id : UX_CORESTACK_Condition cause : null
2025-05-08 01:27:27,030 [INFO] LogOutputStream:77 - [STDOUT_REDIRECT] 1 : Invalid condition id : UX_CORESTACK_Condition cause : null
2025-05-08 01:27:27,031 [INFO] LogOutputStream:77 - [STDOUT_REDIRECT] 1 : Invalid condition id : UX_CORESTACK_Condition cause : null
2025-05-08 01:27:27,037 [WARN] PackLoader:240 - Cannot read IP mode file for STMicroelectronics.X-CUBE-AZRTOS-WL.2.0.0
2025-05-08 01:27:27,048 [WARN] PackLoader:240 - Cannot read IP mode file for STMicroelectronics.FP-SNS-MOTENV1.5.0.0
2025-05-08 01:27:27,060 [WARN] PackLoader:240 - Cannot read IP mode file for WES.I-CUBE-Cesium.1.3.0
2025-05-08 01:27:27,069 [WARN] PackLoader:240 - Cannot read IP mode file for STMicroelectronics.X-CUBE-BLE2.3.3.0
2025-05-08 01:27:27,095 [WARN] PackLoader:240 - Cannot read IP mode file for STMicroelectronics.X-CUBE-NFC9.1.0.0
2025-05-08 01:27:27,122 [WARN] PackLoader:240 - Cannot read IP mode file for wolfSSL.I-CUBE-wolfSSL.5.8.0
2025-05-08 01:27:27,129 [WARN] PackLoader:240 - Cannot read IP mode file for STMicroelectronics.X-CUBE-BLE1.7.1.0
2025-05-08 01:27:27,133 [WARN] PackLoader:240 - Cannot read IP mode file for wolfSSL.I-CUBE-wolfMQTT.1.19.2
2025-05-08 01:27:27,237 [WARN] PackLoader:240 - Cannot read IP mode file for STMicroelectronics.X-CUBE-MEMS1.11.2.0
2025-05-08 01:27:27,456 [WARN] PackLoader:240 - Cannot read IP mode file for STMicroelectronics.X-CUBE-AZRTOS-G0.1.1.0
2025-05-08 01:27:27,635 [WARN] PackLoader:240 - Cannot read IP mode file for STMicroelectronics.X-CUBE-SAFEA1.1.2.2
2025-05-08 01:27:27,662 [WARN] PackLoader:240 - Cannot read IP mode file for STMicroelectronics.X-CUBE-NFC4.3.0.0
2025-05-08 01:27:27,680 [WARN] PackLoader:240 - Cannot read IP mode file for EmbeddedOffice.I-CUBE-FS-RTOS.1.0.1
2025-05-08 01:27:27,692 [WARN] PackLoader:240 - Cannot read IP mode file for STMicroelectronics.X-CUBE-WB05N.2.0.0
2025-05-08 01:27:27,706 [WARN] PackLoader:240 - Cannot read IP mode file for wolfSSL.I-CUBE-wolfTPM.3.8.0
2025-05-08 01:27:27,712 [WARN] PackLoader:240 - Cannot read IP mode file for STMicroelectronics.X-CUBE-TCPP.4.2.0
2025-05-08 01:27:27,722 [WARN] PackLoader:240 - Cannot read IP mode file for RealThread.X-CUBE-RT-Thread_Nano.4.1.1
2025-05-08 01:27:27,729 [WARN] PackLoader:240 - Cannot read IP mode file for STMicroelectronics.FP-ATR-SIGFOX1.3.2.0
2025-05-08 01:27:27,739 [WARN] PackLoader:240 - Cannot read IP mode file for STMicroelectronics.X-CUBE-EEPRMA1.5.1.0
2025-05-08 01:27:27,748 [WARN] PackLoader:240 - Cannot read IP mode file for ITTIA_DB.I-CUBE-ITTIADB.8.9.0
2025-05-08 01:27:27,819 [WARN] PackLoader:240 - Cannot read IP mode file for SEGGER.I-CUBE-embOS.1.3.1
2025-05-08 01:27:27,864 [WARN] PackLoader:240 - Cannot read IP mode file for STMicroelectronics.X-CUBE-ALGOBUILD.1.4.0
2025-05-08 01:27:27,883 [WARN] PackLoader:240 - Cannot read IP mode file for STMicroelectronics.X-CUBE-AZRTOS-F4.1.1.0
2025-05-08 01:27:27,891 [WARN] PackLoader:240 - Cannot read IP mode file for Avnet-IotConnect.X-CUBE-IoTC-DA16k-PMOD.1.0.0
2025-05-08 01:27:27,893 [WARN] PackLoader:240 - Cannot read IP mode file for STMicroelectronics.X-CUBE-ISPU.2.1.0
2025-05-08 01:27:27,914 [WARN] PackLoader:240 - Cannot read IP mode file for STMicroelectronics.X-CUBE-AZRTOS-L5.2.0.0
2025-05-08 01:27:27,949 [WARN] PackLoader:240 - Cannot read IP mode file for STMicroelectronics.X-CUBE-NFC6.3.1.0
2025-05-08 01:27:27,967 [WARN] PackLoader:240 - Cannot read IP mode file for STMicroelectronics.X-CUBE-FREERTOS.1.3.1
2025-05-08 01:27:27,976 [WARN] PackLoader:240 - Cannot read IP mode file for STMicroelectronics.X-CUBE-DPower.1.3.0
2025-05-08 01:27:28,003 [WARN] ConditionMgr:438 - getConditionDescription Invalid condition id : LAN8742 Phy interface Condition cause : null
2025-05-08 01:27:28,004 [WARN] PackLoader:240 - Cannot read IP mode file for STMicroelectronics.X-CUBE-AZRTOS-L4.2.0.0
2025-05-08 01:27:28,007 [WARN] ConditionMgr:1044 - genDependencies : Invalid condition id : LAN8742 Phy interface Condition cause : null
2025-05-08 01:27:28,008 [WARN] ConditionMgr:1044 - genDependencies : Invalid condition id : LAN8742 Phy interface Condition cause : null
2025-05-08 01:27:28,009 [WARN] ConditionMgr:1044 - genDependencies : Invalid condition id : LAN8742 Phy interface Condition cause : null
2025-05-08 01:27:28,025 [WARN] PackLoader:240 - Cannot read IP mode file for STMicroelectronics.X-CUBE-SFXS2LP1.4.0.0
2025-05-08 01:27:28,067 [WARN] PackLoader:240 - Cannot read IP mode file for STMicroelectronics.X-CUBE-AZRTOS-H7.3.3.0
2025-05-08 01:27:28,088 [WARN] ConditionMgr:438 - getConditionDescription Invalid condition id : UX DEVICE CLASS RTOS Condition cause : null
2025-05-08 01:27:28,088 [WARN] ConditionMgr:438 - getConditionDescription Invalid condition id : UX DEVICE CLASS RTOS Condition cause : null
2025-05-08 01:27:28,092 [WARN] PackLoader:240 - Cannot read IP mode file for STMicroelectronics.X-CUBE-AZRTOS-WB.2.0.0
2025-05-08 01:27:28,093 [WARN] ConditionMgr:1044 - genDependencies : Invalid condition id : UX DEVICE CLASS RTOS Condition cause : null
2025-05-08 01:27:28,093 [WARN] ConditionMgr:1044 - genDependencies : Invalid condition id : UX DEVICE CLASS RTOS Condition cause : null
2025-05-08 01:27:28,094 [WARN] ConditionMgr:1044 - genDependencies : Invalid condition id : UX DEVICE CLASS RTOS Condition cause : null
2025-05-08 01:27:28,094 [WARN] ConditionMgr:1044 - genDependencies : Invalid condition id : UX DEVICE CLASS RTOS Condition cause : null
2025-05-08 01:27:28,094 [WARN] ConditionMgr:1044 - genDependencies : Invalid condition id : UX DEVICE CLASS RTOS Condition cause : null
2025-05-08 01:27:28,104 [WARN] PackLoader:240 - Cannot read IP mode file for STMicroelectronics.X-CUBE-GNSS1.7.0.1
2025-05-08 01:27:28,113 [WARN] PackLoader:240 - Cannot read IP mode file for STMicroelectronics.X-CUBE-TOUCHGFX.4.25.0
2025-05-08 01:27:28,121 [WARN] PackLoader:240 - Cannot read IP mode file for STMicroelectronics.FP-SNS-STBOX1.2.0.0
2025-05-08 01:27:28,132 [WARN] PackLoader:240 - Cannot read IP mode file for STMicroelectronics.X-CUBE-SUBG2.5.0.0
2025-05-08 01:27:28,157 [WARN] PackLoader:240 - Cannot read IP mode file for STMicroelectronics.X-CUBE-AZRTOS-H7RS.1.1.0
2025-05-08 01:27:28,163 [WARN] PackLoader:240 - Cannot read IP mode file for Cesanta.I-CUBE-Mongoose.7.13.0
2025-05-08 01:27:28,177 [WARN] PackLoader:240 - Cannot read IP mode file for STMicroelectronics.X-CUBE-AZRTOS-G4.2.0.0
2025-05-08 01:27:28,183 [WARN] PackLoader:240 - Cannot read IP mode file for wolfSSL.I-CUBE-wolfSSH.1.4.20
2025-05-08 01:27:28,187 [WARN] PackLoader:240 - Cannot read IP mode file for STMicroelectronics.X-CUBE-NFC7.2.0.0
2025-05-08 01:27:28,200 [WARN] PackLoader:240 - Cannot read IP mode file for STMicroelectronics.X-CUBE-IPS.3.1.0
2025-05-08 01:27:28,210 [WARN] PackLoader:240 - Cannot read IP mode file for STMicroelectronics.X-CUBE-ALS.1.0.2
2025-05-08 01:27:28,218 [WARN] PackLoader:240 - Cannot read IP mode file for portGmbH.I-Cube-SoM-uGOAL.1.1.0
2025-05-08 01:27:28,232 [WARN] PackLoader:240 - Cannot read IP mode file for STMicroelectronics.X-CUBE-TOF1.3.4.3
2025-05-08 01:27:28,259 [INFO] ThirdParty:978 - Integrity check success = true
2025-05-08 01:27:28,259 [INFO] IntegrityCheckThread:100 - exiting critical section [integrity check]
2025-05-08 01:27:28,259 [INFO] IntegrityCheckThread:103 - End integrity checks thread
2025-05-08 01:27:29,541 [INFO] WebApp:169 - Instantiating new browser for Auth
2025-05-08 01:27:30,680 [INFO] WebApp:463 - Apply proxy settings
2025-05-08 01:27:30,703 [INFO] WebApp:508 - Chromium authenticates against Manually configured proxy
2025-05-08 01:27:30,716 [INFO] WebApp:516 - Username used for proxy authentication: 
2025-05-08 01:27:30,752 [INFO] WebApp:894 - Register for checkConnection events
2025-05-08 01:27:30,752 [INFO] WebApp:463 - Apply proxy settings
2025-05-08 01:27:30,758 [INFO] WebApp:508 - Chromium authenticates against Manually configured proxy
2025-05-08 01:27:30,758 [INFO] WebApp:516 - Username used for proxy authentication: 
2025-05-08 01:27:30,919 [INFO] WebApp:225 - Starting web application
2025-05-08 01:27:30,920 [INFO] WebApp:593 - Web application path used /Applications/STM32CubeIDE.app/Contents/Eclipse/plugins/com.st.stm32cube.common.mx_6.14.1.202504091515/db/plugins/mcufinder/reactClient1/index.html
2025-05-08 01:27:31,490 [INFO] WebApp:191 - Connection restablished
2025-05-08 02:21:49,639 [ERROR] LogOutputStream:75 - [STDERR_REDIRECT] 
