2025-08-30 22:11:04,554 [INFO] Activator:176 - 


2025-08-30 22:11:04,559 [INFO] Activator:177 - !SESSION log4j initialized
2025-08-30 22:11:08,639 [ERROR] LogOutputStream:75 - [STDERR_REDIRECT] 
2025-08-30 22:11:09,189 [INFO] LogOutputStream:77 - [STDOUT_REDIRECT] 
2025-08-30 22:11:11,139 [INFO] LogOutputStream:77 - [STDOUT_REDIRECT] 
2025-08-30 22:11:12,577 [INFO] ApplicationProperties:184 - Using Application install path: /Applications/STM32CubeIDE.app/Contents/Eclipse/plugins/com.st.stm32cube.common.mx_6.14.1.202504091515
2025-08-30 22:11:12,589 [INFO] DbMcusXml:78 - Set database path to: /Applications/STM32CubeIDE.app/Contents/Eclipse/plugins/com.st.stm32cube.common.mx_6.14.1.202504091515//db//mcu/
2025-08-30 22:11:12,589 [INFO] ApiDb:274 - Set plugin database path to: /Applications/STM32CubeIDE.app/Contents/Eclipse/plugins/com.st.stm32cube.common.mx_6.14.1.202504091515//db//plugins/boardmanager/
2025-08-30 22:11:12,590 [WARN] ApiDb:259 - Overriding images path with different value:  => /Applications/STM32CubeIDE.app/Contents/Eclipse/plugins/com.st.stm32cube.common.mx_6.14.1.202504091515//db//plugins/mcufinder/images/
2025-08-30 22:11:12,597 [INFO] ApiDb:250 - Set database path to: /Users/matthewoduamafu/.stmcufinder/plugins/mcufinder//mcu/
2025-08-30 22:11:12,598 [INFO] DbMcusAds:125 - Set database path to: /Users/matthewoduamafu/.stmcufinder/plugins/mcufinder//mcu/
2025-08-30 22:11:12,599 [INFO] CrossReferenceDbSqlite:203 - Set database path to: /Users/matthewoduamafu/.stmcufinder/plugins/mcufinder//mcu/cs/
2025-08-30 22:11:12,723 [INFO] RulesReader:64 - Compatibility file has been processed (302 Rules)
2025-08-30 22:11:12,791 [INFO] DbMcusXml:78 - Set database path to: /Applications/STM32CubeIDE.app/Contents/Eclipse/plugins/com.st.stm32cube.common.mx_6.14.1.202504091515//db//mcu/
2025-08-30 22:11:12,791 [INFO] ApiDb:274 - Set plugin database path to: /Applications/STM32CubeIDE.app/Contents/Eclipse/plugins/com.st.stm32cube.common.mx_6.14.1.202504091515//db//plugins/boardmanager/
2025-08-30 22:11:12,791 [INFO] ApiDb:261 - Set plugin images path to: /Applications/STM32CubeIDE.app/Contents/Eclipse/plugins/com.st.stm32cube.common.mx_6.14.1.202504091515//db//plugins/mcufinder/images/
2025-08-30 22:11:12,792 [WARN] DbFile:41 - Overriding database path with different value: /Users/matthewoduamafu/.stmcufinder/plugins/mcufinder/ => /Users/matthewoduamafu/.stmcufinder/plugins/mcufinder
2025-08-30 22:11:12,792 [INFO] ApiDb:250 - Set database path to: /Users/matthewoduamafu/.stmcufinder/plugins/mcufinder//mcu/
2025-08-30 22:11:12,792 [WARN] DbFile:41 - Overriding database path with different value: /Users/matthewoduamafu/.stmcufinder/plugins/mcufinder/ => /Users/matthewoduamafu/.stmcufinder/plugins/mcufinder
2025-08-30 22:11:12,792 [INFO] DbMcusAds:125 - Set database path to: /Users/matthewoduamafu/.stmcufinder/plugins/mcufinder//mcu/
2025-08-30 22:11:12,792 [WARN] DbFile:41 - Overriding database path with different value: /Users/matthewoduamafu/.stmcufinder/plugins/mcufinder/ => /Users/matthewoduamafu/.stmcufinder/plugins/mcufinder
2025-08-30 22:11:12,792 [WARN] DbFile:41 - Overriding database path with different value: /Users/matthewoduamafu/.stmcufinder/plugins/mcufinder/ => /Users/matthewoduamafu/.stmcufinder/plugins/mcufinder
2025-08-30 22:11:12,792 [INFO] CrossReferenceDbSqlite:203 - Set database path to: /Users/matthewoduamafu/.stmcufinder/plugins/mcufinder//mcu/cs/
2025-08-30 22:11:12,853 [INFO] MainPanel:272 - HeapMemory: 268435456
2025-08-30 22:11:13,201 [INFO] DbMcusXml:78 - Set database path to: /Applications/STM32CubeIDE.app/Contents/Eclipse/plugins/com.st.stm32cube.common.mx_6.14.1.202504091515//db//mcu/
2025-08-30 22:11:13,201 [INFO] ApiDb:274 - Set plugin database path to: /Applications/STM32CubeIDE.app/Contents/Eclipse/plugins/com.st.stm32cube.common.mx_6.14.1.202504091515//db//plugins/boardmanager/
2025-08-30 22:11:13,201 [INFO] ApiDb:261 - Set plugin images path to: /Applications/STM32CubeIDE.app/Contents/Eclipse/plugins/com.st.stm32cube.common.mx_6.14.1.202504091515//db//plugins/mcufinder/images/
2025-08-30 22:11:13,202 [WARN] DbFile:41 - Overriding database path with different value: /Users/matthewoduamafu/.stmcufinder/plugins/mcufinder/ => /Users/matthewoduamafu/.stmcufinder/plugins/mcufinder
2025-08-30 22:11:13,202 [INFO] ApiDb:250 - Set database path to: /Users/matthewoduamafu/.stmcufinder/plugins/mcufinder//mcu/
2025-08-30 22:11:13,202 [WARN] DbFile:41 - Overriding database path with different value: /Users/matthewoduamafu/.stmcufinder/plugins/mcufinder/ => /Users/matthewoduamafu/.stmcufinder/plugins/mcufinder
2025-08-30 22:11:13,202 [INFO] DbMcusAds:125 - Set database path to: /Users/matthewoduamafu/.stmcufinder/plugins/mcufinder//mcu/
2025-08-30 22:11:13,202 [WARN] DbFile:41 - Overriding database path with different value: /Users/matthewoduamafu/.stmcufinder/plugins/mcufinder/ => /Users/matthewoduamafu/.stmcufinder/plugins/mcufinder
2025-08-30 22:11:13,202 [WARN] DbFile:41 - Overriding database path with different value: /Users/matthewoduamafu/.stmcufinder/plugins/mcufinder/ => /Users/matthewoduamafu/.stmcufinder/plugins/mcufinder
2025-08-30 22:11:13,202 [INFO] CrossReferenceDbSqlite:203 - Set database path to: /Users/matthewoduamafu/.stmcufinder/plugins/mcufinder//mcu/cs/
2025-08-30 22:11:13,219 [INFO] ApplicationProperties:184 - Using Application install path: /Applications/STM32CubeIDE.app/Contents/Eclipse/plugins/com.st.stm32cube.common.mx_6.14.1.202504091515
2025-08-30 22:11:13,220 [INFO] PluginManage:196 - Search for loadable plugins [exclusion list=, ]
2025-08-30 22:11:13,221 [INFO] PluginManage:310 - Check plugin analytics
2025-08-30 22:11:13,739 [INFO] AnalyticsPlugin:253 - Accepted Software Licenses: 
2025-08-30 22:11:13,744 [INFO] AnalyticsPlugin:255 - Accepted CMSIS Pack Licenses: 
2025-08-30 22:11:13,745 [INFO] AnalyticsPlugin:257 - Accepted Firmware Licenses: 
2025-08-30 22:11:13,768 [INFO] PluginManage:359 - Loaded plugin analytics (category:tool,tabindex:-1)
2025-08-30 22:11:13,773 [INFO] PluginManage:310 - Check plugin cadmodel
2025-08-30 22:11:13,813 [INFO] CADModel:105 - Init CAD model plugin
2025-08-30 22:11:13,813 [INFO] PluginManage:359 - Loaded plugin cadmodel (category:power,tabindex:5)
2025-08-30 22:11:13,816 [INFO] PluginManage:310 - Check plugin clock
2025-08-30 22:11:13,831 [INFO] PluginManage:359 - Loaded plugin clock (category:base,tabindex:2)
2025-08-30 22:11:13,832 [INFO] PluginManage:310 - Check plugin ddr
2025-08-30 22:11:13,834 [INFO] PluginManage:359 - Loaded plugin ddr (category:tool,tabindex:6)
2025-08-30 22:11:13,834 [INFO] PluginManage:310 - Check plugin filemanager
2025-08-30 22:11:14,004 [INFO] PluginManage:359 - Loaded plugin filemanager (category:base,tabindex:10)
2025-08-30 22:11:14,005 [INFO] PluginManage:310 - Check plugin ipmanager
2025-08-30 22:11:14,014 [INFO] PluginManage:359 - Loaded plugin ipmanager (category:base,tabindex:5)
2025-08-30 22:11:14,014 [INFO] PluginManage:310 - Check plugin lpbam
2025-08-30 22:11:14,022 [INFO] PluginManage:359 - Loaded plugin lpbam (category:base,tabindex:0)
2025-08-30 22:11:14,022 [INFO] PluginManage:310 - Check plugin memorymap
2025-08-30 22:11:14,032 [INFO] PluginManage:359 - Loaded plugin memorymap (category:base,tabindex:4)
2025-08-30 22:11:14,032 [INFO] PluginManage:310 - Check plugin pinoutandconfiguration
2025-08-30 22:11:14,037 [INFO] PluginManage:359 - Loaded plugin pinoutandconfiguration (category:base,tabindex:1)
2025-08-30 22:11:14,037 [INFO] PluginManage:310 - Check plugin pinoutconfig
2025-08-30 22:11:14,118 [WARN] SupportedApi:132 - Cannot load RTOS API schema: s4s-elt-must-match.1: The content of 'definitions' must match (annotation?, (simpleType | complexType)?, (unique | key | keyref)*)). A problem was found starting at: attribute.
2025-08-30 22:11:14,248 [INFO] PluginManage:359 - Loaded plugin pinoutconfig (category:base,tabindex:0)
2025-08-30 22:11:14,249 [INFO] PluginManage:310 - Check plugin power
2025-08-30 22:11:14,256 [INFO] PluginManage:359 - Loaded plugin power (category:power,tabindex:4)
2025-08-30 22:11:14,256 [INFO] PluginManage:310 - Check plugin projectmanager
2025-08-30 22:11:14,281 [INFO] PluginManage:359 - Loaded plugin projectmanager (category:projectmanager,tabindex:4)
2025-08-30 22:11:14,281 [INFO] PluginManage:310 - Check plugin rif
2025-08-30 22:11:14,288 [INFO] PluginManage:359 - Loaded plugin rif (category:base,tabindex:3)
2025-08-30 22:11:14,288 [INFO] PluginManage:310 - Check plugin thirdparty
2025-08-30 22:11:14,436 [INFO] PluginManage:359 - Loaded plugin thirdparty (category:base,tabindex:-1)
2025-08-30 22:11:14,435 [WARN] IntegrityCheckThread:84 - waiting for thirdparty lock release [integrity check]
2025-08-30 22:11:14,437 [INFO] PluginManage:310 - Check plugin tools
2025-08-30 22:11:14,437 [INFO] IntegrityCheckThread:86 - entering critical section [integrity check]
2025-08-30 22:11:14,438 [INFO] ThirdPartyUpdaterWithRetryManager:70 - Updater plugin not ready yet. [1/15]
2025-08-30 22:11:14,440 [INFO] PluginManage:359 - Loaded plugin tools (category:base,tabindex:7)
2025-08-30 22:11:14,440 [INFO] PluginManage:310 - Check plugin tutovideos
2025-08-30 22:11:14,589 [INFO] PluginManage:359 - Loaded plugin tutovideos (category:base,tabindex:-1)
2025-08-30 22:11:14,589 [INFO] PluginManage:310 - Check plugin updater
2025-08-30 22:11:14,620 [INFO] PluginManage:359 - Loaded plugin updater (category:base,tabindex:12)
2025-08-30 22:11:14,620 [INFO] PluginManage:310 - Check plugin userauth
2025-08-30 22:11:14,624 [INFO] UserAuth:118 - Init User Auth plugin
2025-08-30 22:11:14,625 [INFO] PluginManage:359 - Loaded plugin userauth (category:base,tabindex:14)
2025-08-30 22:11:14,626 [INFO] PluginManage:283 - PluginManage : Loaded plugins [18]
2025-08-30 22:11:14,840 [INFO] PinOutPanel:1589 - setPackage(No Configuration,No Configuration)
2025-08-30 22:11:14,906 [INFO] CADModel:165 - CPN selected for project level
2025-08-30 22:11:14,906 [INFO] CADModel:114 - Register for checkConnection events
2025-08-30 22:11:14,916 [INFO] IPUIPlugin:80 - create IPUIPlugin
2025-08-30 22:11:14,917 [INFO] PluginManager:220 - loadIPPluginJar : add mdma
2025-08-30 22:11:14,922 [INFO] IPUIPlugin:80 - create IPUIPlugin
2025-08-30 22:11:14,922 [INFO] PluginManager:220 - loadIPPluginJar : add freertos
2025-08-30 22:11:14,925 [INFO] IPUIPlugin:80 - create IPUIPlugin
2025-08-30 22:11:14,925 [INFO] PluginManager:220 - loadIPPluginJar : add gic
2025-08-30 22:11:14,931 [INFO] IPUIPlugin:80 - create IPUIPlugin
2025-08-30 22:11:14,931 [INFO] PluginManager:220 - loadIPPluginJar : add adc
2025-08-30 22:11:14,932 [INFO] IPUIPlugin:80 - create IPUIPlugin
2025-08-30 22:11:14,933 [INFO] PluginManager:220 - loadIPPluginJar : add gtzc
2025-08-30 22:11:14,934 [INFO] IPUIPlugin:80 - create IPUIPlugin
2025-08-30 22:11:14,934 [INFO] PluginManager:220 - loadIPPluginJar : add quadspi
2025-08-30 22:11:14,935 [INFO] IPUIPlugin:80 - create IPUIPlugin
2025-08-30 22:11:14,935 [INFO] PluginManager:220 - loadIPPluginJar : add aes
2025-08-30 22:11:14,936 [INFO] IPUIPlugin:80 - create IPUIPlugin
2025-08-30 22:11:14,936 [INFO] PluginManager:220 - loadIPPluginJar : add pdm2pcm
2025-08-30 22:11:14,937 [INFO] IPUIPlugin:80 - create IPUIPlugin
2025-08-30 22:11:14,937 [INFO] PluginManager:220 - loadIPPluginJar : add hash
2025-08-30 22:11:14,938 [INFO] IPUIPlugin:80 - create IPUIPlugin
2025-08-30 22:11:14,938 [INFO] PluginManager:220 - loadIPPluginJar : add tim
2025-08-30 22:11:14,939 [INFO] IPUIPlugin:80 - create IPUIPlugin
2025-08-30 22:11:14,939 [INFO] PluginManager:220 - loadIPPluginJar : add tsc
2025-08-30 22:11:14,940 [INFO] IPUIPlugin:80 - create IPUIPlugin
2025-08-30 22:11:14,940 [INFO] PluginManager:220 - loadIPPluginJar : add extmemmanager
2025-08-30 22:11:14,941 [INFO] IPUIPlugin:80 - create IPUIPlugin
2025-08-30 22:11:14,941 [INFO] PluginManager:220 - loadIPPluginJar : add ts
2025-08-30 22:11:14,943 [INFO] IPUIPlugin:80 - create IPUIPlugin
2025-08-30 22:11:14,943 [INFO] PluginManager:220 - loadIPPluginJar : add radio
2025-08-30 22:11:14,945 [INFO] IPUIPlugin:80 - create IPUIPlugin
2025-08-30 22:11:14,945 [INFO] PluginManager:220 - loadIPPluginJar : add can
2025-08-30 22:11:14,946 [INFO] IPUIPlugin:80 - create IPUIPlugin
2025-08-30 22:11:14,946 [INFO] PluginManager:220 - loadIPPluginJar : add dma3
2025-08-30 22:11:14,947 [INFO] IPUIPlugin:80 - create IPUIPlugin
2025-08-30 22:11:14,947 [INFO] PluginManager:220 - loadIPPluginJar : add dfsdm
2025-08-30 22:11:14,948 [INFO] IPUIPlugin:80 - create IPUIPlugin
2025-08-30 22:11:14,948 [INFO] PluginManager:220 - loadIPPluginJar : add spi
2025-08-30 22:11:14,949 [INFO] IPUIPlugin:80 - create IPUIPlugin
2025-08-30 22:11:14,949 [INFO] PluginManager:220 - loadIPPluginJar : add gfxmmu
2025-08-30 22:11:14,950 [INFO] IPUIPlugin:80 - create IPUIPlugin
2025-08-30 22:11:14,950 [INFO] PluginManager:220 - loadIPPluginJar : add genericplugin
2025-08-30 22:11:14,951 [INFO] IPUIPlugin:80 - create IPUIPlugin
2025-08-30 22:11:14,951 [INFO] PluginManager:220 - loadIPPluginJar : add cryp
2025-08-30 22:11:14,953 [INFO] IPUIPlugin:80 - create IPUIPlugin
2025-08-30 22:11:14,954 [INFO] PluginManager:220 - loadIPPluginJar : add gpio
2025-08-30 22:11:14,956 [INFO] IPUIPlugin:80 - create IPUIPlugin
2025-08-30 22:11:14,957 [INFO] PluginManager:220 - loadIPPluginJar : add ddr_ctrl_phy
2025-08-30 22:11:14,959 [INFO] IPUIPlugin:80 - create IPUIPlugin
2025-08-30 22:11:14,959 [INFO] PluginManager:220 - loadIPPluginJar : add comp
2025-08-30 22:11:14,963 [INFO] IPUIPlugin:80 - create IPUIPlugin
2025-08-30 22:11:14,965 [INFO] PluginManager:220 - loadIPPluginJar : add tracer_emb
2025-08-30 22:11:14,970 [INFO] IPUIPlugin:80 - create IPUIPlugin
2025-08-30 22:11:14,970 [INFO] PluginManager:220 - loadIPPluginJar : add openamp
2025-08-30 22:11:14,974 [INFO] IPUIPlugin:80 - create IPUIPlugin
2025-08-30 22:11:14,974 [INFO] PluginManager:220 - loadIPPluginJar : add stm32_wpan
2025-08-30 22:11:14,977 [INFO] IPUIPlugin:80 - create IPUIPlugin
2025-08-30 22:11:14,979 [INFO] PluginManager:220 - loadIPPluginJar : add plateformsettings
2025-08-30 22:11:14,981 [INFO] IPUIPlugin:80 - create IPUIPlugin
2025-08-30 22:11:14,982 [INFO] PluginManager:220 - loadIPPluginJar : add ipddr
2025-08-30 22:11:14,983 [INFO] IPUIPlugin:80 - create IPUIPlugin
2025-08-30 22:11:14,983 [INFO] PluginManager:220 - loadIPPluginJar : add usart
2025-08-30 22:11:14,984 [INFO] IPUIPlugin:80 - create IPUIPlugin
2025-08-30 22:11:14,984 [INFO] PluginManager:220 - loadIPPluginJar : add ltdc
2025-08-30 22:11:14,985 [INFO] IPUIPlugin:80 - create IPUIPlugin
2025-08-30 22:11:14,985 [INFO] PluginManager:220 - loadIPPluginJar : add nvic
2025-08-30 22:11:14,986 [INFO] IPUIPlugin:80 - create IPUIPlugin
2025-08-30 22:11:14,987 [INFO] PluginManager:220 - loadIPPluginJar : add fatfs
2025-08-30 22:11:14,991 [INFO] IPUIPlugin:80 - create IPUIPlugin
2025-08-30 22:11:14,991 [INFO] PluginManager:220 - loadIPPluginJar : add linkedlist
2025-08-30 22:11:14,994 [INFO] IPUIPlugin:80 - create IPUIPlugin
2025-08-30 22:11:14,994 [INFO] PluginManager:220 - loadIPPluginJar : add dma
2025-08-30 22:11:14,996 [INFO] IPUIPlugin:80 - create IPUIPlugin
2025-08-30 22:11:14,996 [INFO] PluginManager:220 - loadIPPluginJar : add fmc
2025-08-30 22:11:14,997 [INFO] IPUIPlugin:80 - create IPUIPlugin
2025-08-30 22:11:14,997 [INFO] PluginManager:220 - loadIPPluginJar : add i2s
2025-08-30 22:11:14,998 [INFO] IPUIPlugin:80 - create IPUIPlugin
2025-08-30 22:11:14,998 [INFO] PluginManager:220 - loadIPPluginJar : add ucpd
2025-08-30 22:11:14,999 [INFO] IPUIPlugin:80 - create IPUIPlugin
2025-08-30 22:11:14,999 [INFO] PluginManager:220 - loadIPPluginJar : add lorawan
2025-08-30 22:11:15,001 [INFO] IPUIPlugin:80 - create IPUIPlugin
2025-08-30 22:11:15,002 [INFO] PluginManager:220 - loadIPPluginJar : add opamp
2025-08-30 22:11:15,004 [INFO] IPUIPlugin:80 - create IPUIPlugin
2025-08-30 22:11:15,004 [INFO] PluginManager:220 - loadIPPluginJar : add i3c
2025-08-30 22:11:15,006 [INFO] IPUIPlugin:80 - create IPUIPlugin
2025-08-30 22:11:15,007 [INFO] PluginManager:220 - loadIPPluginJar : add touchsensing
2025-08-30 22:11:15,009 [INFO] IPUIPlugin:80 - create IPUIPlugin
2025-08-30 22:11:15,009 [INFO] PluginManager:220 - loadIPPluginJar : add i2c
2025-08-30 22:11:15,010 [INFO] IPUIPlugin:80 - create IPUIPlugin
2025-08-30 22:11:15,010 [INFO] PluginManager:220 - loadIPPluginJar : add resmgrutility
2025-08-30 22:11:15,012 [INFO] IPUIPlugin:80 - create IPUIPlugin
2025-08-30 22:11:15,012 [INFO] PluginManager:220 - loadIPPluginJar : add sai
2025-08-30 22:11:15,013 [INFO] IPUIPlugin:80 - create IPUIPlugin
2025-08-30 22:11:15,013 [INFO] PluginManager:220 - loadIPPluginJar : add usbx
2025-08-30 22:11:15,127 [FATAL] Updater:351 - Updater called before beeing initialized
2025-08-30 22:11:15,182 [INFO] RulesReader:64 - Compatibility file has been processed (302 Rules)
2025-08-30 22:11:15,201 [INFO] RulesReader:64 - Compatibility file has been processed (302 Rules)
2025-08-30 22:11:15,211 [INFO] CADModel:165 - CPN selected for project level
2025-08-30 22:11:15,211 [INFO] CADModel:114 - Register for checkConnection events
2025-08-30 22:11:15,212 [FATAL] Updater:351 - Updater called before beeing initialized
2025-08-30 22:11:15,212 [ERROR] CADModel:125 - Updater not yet initialized, retry later 
2025-08-30 22:11:15,435 [FATAL] Updater:351 - Updater called before beeing initialized
2025-08-30 22:11:15,436 [INFO] CADModel:165 - CPN selected for project level
2025-08-30 22:11:15,436 [INFO] CADModel:114 - Register for checkConnection events
2025-08-30 22:11:15,436 [FATAL] Updater:351 - Updater called before beeing initialized
2025-08-30 22:11:15,436 [ERROR] CADModel:125 - Updater not yet initialized, retry later 
2025-08-30 22:11:15,439 [FATAL] Updater:351 - Updater called before beeing initialized
2025-08-30 22:11:15,574 [FATAL] Updater:351 - Updater called before beeing initialized
2025-08-30 22:11:15,581 [INFO] DbMcusAds:53 - JSON generation date=Wed May 07 09:07:55 GMT 2025 (1746608875187)
2025-08-30 22:11:15,581 [FATAL] Updater:351 - Updater called before beeing initialized
2025-08-30 22:11:15,638 [WARN] DetailPanel:346 - Failed to get advertising image, set to default
2025-08-30 22:11:15,855 [FATAL] Updater:351 - Updater called before beeing initialized
2025-08-30 22:11:15,859 [FATAL] Updater:351 - Updater called before beeing initialized
2025-08-30 22:11:15,859 [FATAL] Updater:351 - Updater called before beeing initialized
2025-08-30 22:11:15,860 [WARN] DetailPanel:346 - Failed to get advertising image, set to default
2025-08-30 22:11:15,861 [FATAL] Updater:351 - Updater called before beeing initialized
2025-08-30 22:11:15,921 [ERROR] Updater:1198 - MainUpdater not yet initialized. External WinMGr cannot be set.
2025-08-30 22:11:15,986 [INFO] Updater:1134 - Updater Version found : 6.14.1
2025-08-30 22:11:16,000 [INFO] ApplicationProperties:184 - Using Application install path: /Applications/STM32CubeIDE.app/Contents/Eclipse/plugins/com.st.stm32cube.common.mx_6.14.1.202504091515
2025-08-30 22:11:16,677 [INFO] MainUpdater:2872 - connection check result : 10
2025-08-30 22:11:16,678 [INFO] MainUpdater:3566 - Updater definition file requires update
2025-08-30 22:11:16,679 [INFO] MainUpdater:289 - Updater Check For Update Now.
2025-08-30 22:11:16,679 [INFO] MicroXplorer:498 - Change Database Version : DB.6.0.141
2025-08-30 22:11:16,692 [INFO] McuFinderGlobals:63 - Set McuFinder mode to 2 (CubeIDE integrated)
2025-08-30 22:11:16,692 [INFO] UserAuth:171 - activating auth plugin
2025-08-30 22:11:16,713 [INFO] UserAuth:484 - Internet connection configuration mode: 1
2025-08-30 22:11:16,726 [INFO] JxBrowserEngine:152 - Initiate JxBrowser Engine with user profile folder
2025-08-30 22:11:17,266 [INFO] ServerAccessManage:473 - Download File updaters.zip
2025-08-30 22:11:17,444 [WARN] MainUpdater:1193 - Updater busy. Cannot search thirdparties
2025-08-30 22:11:17,445 [INFO] ThirdPartyUpdaterWithRetryManager:96 - Updater plugin is busy. [1/15]
2025-08-30 22:11:17,590 [INFO] FileExtend:242 - Unzip File : updaters.zip
2025-08-30 22:11:17,591 [INFO] FileExtend:257 - Standard Zip Deflate
2025-08-30 22:11:18,034 [INFO] ServerAccessManage:473 - Download File PacksControlFlags.xml
2025-08-30 22:11:18,771 [INFO] ServerAccessManage:473 - Download File cubemx.pidx
2025-08-30 22:11:19,667 [INFO] ServerAccessManage:473 - Download File STMicroelectronics.FP-SNS-STBOX1.pdsc
2025-08-30 22:11:20,451 [WARN] MainUpdater:1193 - Updater busy. Cannot search thirdparties
2025-08-30 22:11:20,453 [INFO] ThirdPartyUpdaterWithRetryManager:96 - Updater plugin is busy. [2/15]
2025-08-30 22:11:21,168 [INFO] ServerAccessManage:473 - Download File STMicroelectronics.FP-SNS-STAIOTCFT.pdsc
2025-08-30 22:11:22,012 [INFO] ServerAccessManage:473 - Download File STMicroelectronics.X-CUBE-AI.pdsc
2025-08-30 22:11:22,056 [INFO] WebApp:169 - Instantiating new browser for Auth
2025-08-30 22:11:23,400 [INFO] WebApp:463 - Apply proxy settings
2025-08-30 22:11:23,409 [INFO] WebApp:508 - Chromium authenticates against Manually configured proxy
2025-08-30 22:11:23,429 [INFO] WebApp:516 - Username used for proxy authentication: 
2025-08-30 22:11:23,457 [WARN] MainUpdater:1193 - Updater busy. Cannot search thirdparties
2025-08-30 22:11:23,457 [INFO] ThirdPartyUpdaterWithRetryManager:96 - Updater plugin is busy. [3/15]
2025-08-30 22:11:23,470 [INFO] WebApp:894 - Register for checkConnection events
2025-08-30 22:11:23,470 [INFO] WebApp:463 - Apply proxy settings
2025-08-30 22:11:23,474 [INFO] WebApp:508 - Chromium authenticates against Manually configured proxy
2025-08-30 22:11:23,475 [INFO] WebApp:516 - Username used for proxy authentication: 
2025-08-30 22:11:23,625 [INFO] WebApp:225 - Starting web application
2025-08-30 22:11:23,626 [INFO] WebApp:593 - Web application path used /Applications/STM32CubeIDE.app/Contents/Eclipse/plugins/com.st.stm32cube.common.mx_6.14.1.202504091515/db/plugins/mcufinder/reactClient1/index.html
2025-08-30 22:11:24,560 [INFO] WebApp:191 - Connection restablished
2025-08-30 22:11:26,462 [WARN] MainUpdater:1193 - Updater busy. Cannot search thirdparties
2025-08-30 22:11:26,463 [INFO] ThirdPartyUpdaterWithRetryManager:96 - Updater plugin is busy. [4/15]
2025-08-30 22:11:29,468 [WARN] MainUpdater:1193 - Updater busy. Cannot search thirdparties
2025-08-30 22:11:29,469 [INFO] ThirdPartyUpdaterWithRetryManager:96 - Updater plugin is busy. [5/15]
2025-08-30 22:11:30,948 [INFO] ServerAccessManage:473 - Download File STMicroelectronics.X-CUBE-BLEMGR.pdsc
2025-08-30 22:11:32,474 [WARN] MainUpdater:1193 - Updater busy. Cannot search thirdparties
2025-08-30 22:11:32,474 [INFO] ThirdPartyUpdaterWithRetryManager:96 - Updater plugin is busy. [6/15]
2025-08-30 22:11:33,393 [ERROR] ServerAccessManage:1089 - Problem, file not found on Server
2025-08-30 22:11:34,783 [ERROR] ExternalUserPreferencesManager:606 - Error while get path from external application: Cannot invoke "com.st.stm32cube.common.mx.MxActivator.getBundle()" because the return value of "com.st.stm32cube.common.mx.MxActivator.getDefault()" is null
2025-08-30 22:11:34,784 [ERROR] ExternalUserPreferencesManager:336 - Error while get preference info from external application: Cannot invoke "com.st.stm32cube.common.mx.MxActivator.getBundle()" because the return value of "com.st.stm32cube.common.mx.MxActivator.getDefault()" is null
2025-08-30 22:11:34,784 [ERROR] ExternalUserPreferencesManager:560 - Error while get preference info from external application: Cannot invoke "com.st.stm32cube.common.mx.MxActivator.getBundle()" because the return value of "com.st.stm32cube.common.mx.MxActivator.getDefault()" is null
2025-08-30 22:11:34,900 [ERROR] LogOutputStream:75 - [STDERR_REDIRECT] 
2025-08-30 22:11:34,907 [ERROR] ExternalUserPreferencesManager:560 - Error while get preference info from external application: Cannot invoke "com.st.stm32cube.common.mx.MxActivator.getBundle()" because the return value of "com.st.stm32cube.common.mx.MxActivator.getDefault()" is null
